<?xml version="1.0" encoding="UTF-8" standalone="yes"?><!DOCTYPE report PUBLIC "-//JACOCO//DTD Report 1.1//EN" "report.dtd"><report name="gestion_du_stock"><sessioninfo id="Laptop_anas-fc84aa6e" start="1744275132475" dump="1744275135367"/><package name="view"><class name="view/Login" sourcefilename="Login.java"><method name="&lt;init&gt;" desc="()V" line="12"><counter type="INSTRUCTION" missed="5" covered="0"/><counter type="LINE" missed="3" covered="0"/><counter type="COMPLEXITY" missed="1" covered="0"/><counter type="METHOD" missed="1" covered="0"/></method><method name="initComponents" desc="()V" line="20"><counter type="INSTRUCTION" missed="595" covered="0"/><counter type="LINE" missed="124" covered="0"/><counter type="COMPLEXITY" missed="1" covered="0"/><counter type="METHOD" missed="1" covered="0"/></method><method name="emailTXTActionPerformed" desc="(Ljava/awt/event/ActionEvent;)V" line="178"><counter type="INSTRUCTION" missed="1" covered="0"/><counter type="LINE" missed="1" covered="0"/><counter type="COMPLEXITY" missed="1" covered="0"/><counter type="METHOD" missed="1" covered="0"/></method><method name="cmdLOGINActionPerformed" desc="(Ljava/awt/event/ActionEvent;)V" line="182"><counter type="INSTRUCTION" missed="12" covered="0"/><counter type="LINE" missed="5" covered="0"/><counter type="COMPLEXITY" missed="1" covered="0"/><counter type="METHOD" missed="1" covered="0"/></method><method name="verifierLogin" desc="()V" line="190"><counter type="INSTRUCTION" missed="45" covered="0"/><counter type="BRANCH" missed="2" covered="0"/><counter type="LINE" missed="13" covered="0"/><counter type="COMPLEXITY" missed="2" covered="0"/><counter type="METHOD" missed="1" covered="0"/></method><method name="main" desc="([Ljava/lang/String;)V" line="205"><counter type="INSTRUCTION" missed="13" covered="0"/><counter type="LINE" missed="5" covered="0"/><counter type="COMPLEXITY" missed="1" covered="0"/><counter type="METHOD" missed="1" covered="0"/></method><counter type="INSTRUCTION" missed="671" covered="0"/><counter type="BRANCH" missed="2" covered="0"/><counter type="LINE" missed="151" covered="0"/><counter type="COMPLEXITY" missed="7" covered="0"/><counter type="METHOD" missed="6" covered="0"/><counter type="CLASS" missed="1" covered="0"/></class><class name="view/AdminDashboard$21" sourcefilename="AdminDashboard.java"><method name="&lt;init&gt;" desc="()V" line="1743"><counter type="INSTRUCTION" missed="3" covered="0"/><counter type="LINE" missed="1" covered="0"/><counter type="COMPLEXITY" missed="1" covered="0"/><counter type="METHOD" missed="1" covered="0"/></method><method name="run" desc="()V" line="1745"><counter type="INSTRUCTION" missed="6" covered="0"/><counter type="LINE" missed="2" covered="0"/><counter type="COMPLEXITY" missed="1" covered="0"/><counter type="METHOD" missed="1" covered="0"/></method><counter type="INSTRUCTION" missed="9" covered="0"/><counter type="LINE" missed="3" covered="0"/><counter type="COMPLEXITY" missed="2" covered="0"/><counter type="METHOD" missed="2" covered="0"/><counter type="CLASS" missed="1" covered="0"/></class><class name="view/AdminDashboard$20" sourcefilename="AdminDashboard.java"><method name="&lt;init&gt;" desc="(Lview/AdminDashboard;)V" line="1705"><counter type="INSTRUCTION" missed="6" covered="0"/><counter type="LINE" missed="1" covered="0"/><counter type="COMPLEXITY" missed="1" covered="0"/><counter type="METHOD" missed="1" covered="0"/></method><method name="actionPerformed" desc="(Ljava/awt/event/ActionEvent;)V" line="1708"><counter type="INSTRUCTION" missed="35" covered="0"/><counter type="BRANCH" missed="4" covered="0"/><counter type="LINE" missed="8" covered="0"/><counter type="COMPLEXITY" missed="3" covered="0"/><counter type="METHOD" missed="1" covered="0"/></method><counter type="INSTRUCTION" missed="41" covered="0"/><counter type="BRANCH" missed="4" covered="0"/><counter type="LINE" missed="9" covered="0"/><counter type="COMPLEXITY" missed="4" covered="0"/><counter type="METHOD" missed="2" covered="0"/><counter type="CLASS" missed="1" covered="0"/></class><class name="view/AdminDashboard$9" sourcefilename="AdminDashboard.java"><method name="&lt;init&gt;" desc="(Lview/AdminDashboard;)V" line="522"><counter type="INSTRUCTION" missed="6" covered="0"/><counter type="LINE" missed="1" covered="0"/><counter type="COMPLEXITY" missed="1" covered="0"/><counter type="METHOD" missed="1" covered="0"/></method><method name="actionPerformed" desc="(Ljava/awt/event/ActionEvent;)V" line="524"><counter type="INSTRUCTION" missed="5" covered="0"/><counter type="LINE" missed="2" covered="0"/><counter type="COMPLEXITY" missed="1" covered="0"/><counter type="METHOD" missed="1" covered="0"/></method><counter type="INSTRUCTION" missed="11" covered="0"/><counter type="LINE" missed="3" covered="0"/><counter type="COMPLEXITY" missed="2" covered="0"/><counter type="METHOD" missed="2" covered="0"/><counter type="CLASS" missed="1" covered="0"/></class><class name="view/AdminDashboard$8" sourcefilename="AdminDashboard.java"><method name="&lt;init&gt;" desc="(Lview/AdminDashboard;[[Ljava/lang/Object;[Ljava/lang/Object;)V" line="449"><counter type="INSTRUCTION" missed="36" covered="0"/><counter type="LINE" missed="2" covered="0"/><counter type="COMPLEXITY" missed="1" covered="0"/><counter type="METHOD" missed="1" covered="0"/></method><method name="isCellEditable" desc="(II)Z" line="455"><counter type="INSTRUCTION" missed="5" covered="0"/><counter type="LINE" missed="1" covered="0"/><counter type="COMPLEXITY" missed="1" covered="0"/><counter type="METHOD" missed="1" covered="0"/></method><counter type="INSTRUCTION" missed="41" covered="0"/><counter type="LINE" missed="3" covered="0"/><counter type="COMPLEXITY" missed="2" covered="0"/><counter type="METHOD" missed="2" covered="0"/><counter type="CLASS" missed="1" covered="0"/></class><class name="view/Login$1" sourcefilename="Login.java"><method name="&lt;init&gt;" desc="(Lview/Login;)V" line="80"><counter type="INSTRUCTION" missed="6" covered="0"/><counter type="LINE" missed="1" covered="0"/><counter type="COMPLEXITY" missed="1" covered="0"/><counter type="METHOD" missed="1" covered="0"/></method><method name="actionPerformed" desc="(Ljava/awt/event/ActionEvent;)V" line="82"><counter type="INSTRUCTION" missed="5" covered="0"/><counter type="LINE" missed="2" covered="0"/><counter type="COMPLEXITY" missed="1" covered="0"/><counter type="METHOD" missed="1" covered="0"/></method><counter type="INSTRUCTION" missed="11" covered="0"/><counter type="LINE" missed="3" covered="0"/><counter type="COMPLEXITY" missed="2" covered="0"/><counter type="METHOD" missed="2" covered="0"/><counter type="CLASS" missed="1" covered="0"/></class><class name="view/AdminDashboard$7" sourcefilename="AdminDashboard.java"><method name="&lt;init&gt;" desc="(Lview/AdminDashboard;)V" line="329"><counter type="INSTRUCTION" missed="6" covered="0"/><counter type="LINE" missed="1" covered="0"/><counter type="COMPLEXITY" missed="1" covered="0"/><counter type="METHOD" missed="1" covered="0"/></method><method name="actionPerformed" desc="(Ljava/awt/event/ActionEvent;)V" line="331"><counter type="INSTRUCTION" missed="5" covered="0"/><counter type="LINE" missed="2" covered="0"/><counter type="COMPLEXITY" missed="1" covered="0"/><counter type="METHOD" missed="1" covered="0"/></method><counter type="INSTRUCTION" missed="11" covered="0"/><counter type="LINE" missed="3" covered="0"/><counter type="COMPLEXITY" missed="2" covered="0"/><counter type="METHOD" missed="2" covered="0"/><counter type="CLASS" missed="1" covered="0"/></class><class name="view/Login$2" sourcefilename="Login.java"><method name="&lt;init&gt;" desc="(Lview/Login;)V" line="90"><counter type="INSTRUCTION" missed="6" covered="0"/><counter type="LINE" missed="1" covered="0"/><counter type="COMPLEXITY" missed="1" covered="0"/><counter type="METHOD" missed="1" covered="0"/></method><method name="actionPerformed" desc="(Ljava/awt/event/ActionEvent;)V" line="92"><counter type="INSTRUCTION" missed="5" covered="0"/><counter type="LINE" missed="2" covered="0"/><counter type="COMPLEXITY" missed="1" covered="0"/><counter type="METHOD" missed="1" covered="0"/></method><counter type="INSTRUCTION" missed="11" covered="0"/><counter type="LINE" missed="3" covered="0"/><counter type="COMPLEXITY" missed="2" covered="0"/><counter type="METHOD" missed="2" covered="0"/><counter type="CLASS" missed="1" covered="0"/></class><class name="view/AdminDashboard$6" sourcefilename="AdminDashboard.java"><method name="&lt;init&gt;" desc="(Lview/AdminDashboard;)V" line="319"><counter type="INSTRUCTION" missed="6" covered="0"/><counter type="LINE" missed="1" covered="0"/><counter type="COMPLEXITY" missed="1" covered="0"/><counter type="METHOD" missed="1" covered="0"/></method><method name="actionPerformed" desc="(Ljava/awt/event/ActionEvent;)V" line="321"><counter type="INSTRUCTION" missed="5" covered="0"/><counter type="LINE" missed="2" covered="0"/><counter type="COMPLEXITY" missed="1" covered="0"/><counter type="METHOD" missed="1" covered="0"/></method><counter type="INSTRUCTION" missed="11" covered="0"/><counter type="LINE" missed="3" covered="0"/><counter type="COMPLEXITY" missed="2" covered="0"/><counter type="METHOD" missed="2" covered="0"/><counter type="CLASS" missed="1" covered="0"/></class><class name="view/AdminDashboard$5" sourcefilename="AdminDashboard.java"><method name="&lt;init&gt;" desc="(Lview/AdminDashboard;)V" line="309"><counter type="INSTRUCTION" missed="6" covered="0"/><counter type="LINE" missed="1" covered="0"/><counter type="COMPLEXITY" missed="1" covered="0"/><counter type="METHOD" missed="1" covered="0"/></method><method name="actionPerformed" desc="(Ljava/awt/event/ActionEvent;)V" line="311"><counter type="INSTRUCTION" missed="5" covered="0"/><counter type="LINE" missed="2" covered="0"/><counter type="COMPLEXITY" missed="1" covered="0"/><counter type="METHOD" missed="1" covered="0"/></method><counter type="INSTRUCTION" missed="11" covered="0"/><counter type="LINE" missed="3" covered="0"/><counter type="COMPLEXITY" missed="2" covered="0"/><counter type="METHOD" missed="2" covered="0"/><counter type="CLASS" missed="1" covered="0"/></class><class name="view/AdminDashboard$4" sourcefilename="AdminDashboard.java"><method name="&lt;init&gt;" desc="(Lview/AdminDashboard;)V" line="299"><counter type="INSTRUCTION" missed="6" covered="0"/><counter type="LINE" missed="1" covered="0"/><counter type="COMPLEXITY" missed="1" covered="0"/><counter type="METHOD" missed="1" covered="0"/></method><method name="actionPerformed" desc="(Ljava/awt/event/ActionEvent;)V" line="301"><counter type="INSTRUCTION" missed="5" covered="0"/><counter type="LINE" missed="2" covered="0"/><counter type="COMPLEXITY" missed="1" covered="0"/><counter type="METHOD" missed="1" covered="0"/></method><counter type="INSTRUCTION" missed="11" covered="0"/><counter type="LINE" missed="3" covered="0"/><counter type="COMPLEXITY" missed="2" covered="0"/><counter type="METHOD" missed="2" covered="0"/><counter type="CLASS" missed="1" covered="0"/></class><class name="view/AdminDashboard$3" sourcefilename="AdminDashboard.java"><method name="&lt;init&gt;" desc="(Lview/AdminDashboard;)V" line="285"><counter type="INSTRUCTION" missed="6" covered="0"/><counter type="LINE" missed="1" covered="0"/><counter type="COMPLEXITY" missed="1" covered="0"/><counter type="METHOD" missed="1" covered="0"/></method><method name="actionPerformed" desc="(Ljava/awt/event/ActionEvent;)V" line="287"><counter type="INSTRUCTION" missed="5" covered="0"/><counter type="LINE" missed="2" covered="0"/><counter type="COMPLEXITY" missed="1" covered="0"/><counter type="METHOD" missed="1" covered="0"/></method><counter type="INSTRUCTION" missed="11" covered="0"/><counter type="LINE" missed="3" covered="0"/><counter type="COMPLEXITY" missed="2" covered="0"/><counter type="METHOD" missed="2" covered="0"/><counter type="CLASS" missed="1" covered="0"/></class><class name="view/AdminDashboard$2" sourcefilename="AdminDashboard.java"><method name="&lt;init&gt;" desc="(Lview/AdminDashboard;)V" line="278"><counter type="INSTRUCTION" missed="6" covered="0"/><counter type="LINE" missed="1" covered="0"/><counter type="COMPLEXITY" missed="1" covered="0"/><counter type="METHOD" missed="1" covered="0"/></method><method name="keyReleased" desc="(Ljava/awt/event/KeyEvent;)V" line="280"><counter type="INSTRUCTION" missed="5" covered="0"/><counter type="LINE" missed="2" covered="0"/><counter type="COMPLEXITY" missed="1" covered="0"/><counter type="METHOD" missed="1" covered="0"/></method><counter type="INSTRUCTION" missed="11" covered="0"/><counter type="LINE" missed="3" covered="0"/><counter type="COMPLEXITY" missed="2" covered="0"/><counter type="METHOD" missed="2" covered="0"/><counter type="CLASS" missed="1" covered="0"/></class><class name="view/AdminDashboard$1" sourcefilename="AdminDashboard.java"><method name="&lt;init&gt;" desc="(Lview/AdminDashboard;)V" line="273"><counter type="INSTRUCTION" missed="6" covered="0"/><counter type="LINE" missed="1" covered="0"/><counter type="COMPLEXITY" missed="1" covered="0"/><counter type="METHOD" missed="1" covered="0"/></method><method name="actionPerformed" desc="(Ljava/awt/event/ActionEvent;)V" line="275"><counter type="INSTRUCTION" missed="5" covered="0"/><counter type="LINE" missed="2" covered="0"/><counter type="COMPLEXITY" missed="1" covered="0"/><counter type="METHOD" missed="1" covered="0"/></method><counter type="INSTRUCTION" missed="11" covered="0"/><counter type="LINE" missed="3" covered="0"/><counter type="COMPLEXITY" missed="2" covered="0"/><counter type="METHOD" missed="2" covered="0"/><counter type="CLASS" missed="1" covered="0"/></class><class name="view/AdminDashboard$13" sourcefilename="AdminDashboard.java"><method name="&lt;init&gt;" desc="(Lview/AdminDashboard;)V" line="724"><counter type="INSTRUCTION" missed="6" covered="0"/><counter type="LINE" missed="1" covered="0"/><counter type="COMPLEXITY" missed="1" covered="0"/><counter type="METHOD" missed="1" covered="0"/></method><method name="actionPerformed" desc="(Ljava/awt/event/ActionEvent;)V" line="726"><counter type="INSTRUCTION" missed="5" covered="0"/><counter type="LINE" missed="2" covered="0"/><counter type="COMPLEXITY" missed="1" covered="0"/><counter type="METHOD" missed="1" covered="0"/></method><counter type="INSTRUCTION" missed="11" covered="0"/><counter type="LINE" missed="3" covered="0"/><counter type="COMPLEXITY" missed="2" covered="0"/><counter type="METHOD" missed="2" covered="0"/><counter type="CLASS" missed="1" covered="0"/></class><class name="view/AdminDashboard$12" sourcefilename="AdminDashboard.java"><method name="&lt;init&gt;" desc="(Lview/AdminDashboard;[[Ljava/lang/Object;[Ljava/lang/Object;)V" line="649"><counter type="INSTRUCTION" missed="28" covered="0"/><counter type="LINE" missed="2" covered="0"/><counter type="COMPLEXITY" missed="1" covered="0"/><counter type="METHOD" missed="1" covered="0"/></method><method name="isCellEditable" desc="(II)Z" line="655"><counter type="INSTRUCTION" missed="5" covered="0"/><counter type="LINE" missed="1" covered="0"/><counter type="COMPLEXITY" missed="1" covered="0"/><counter type="METHOD" missed="1" covered="0"/></method><counter type="INSTRUCTION" missed="33" covered="0"/><counter type="LINE" missed="3" covered="0"/><counter type="COMPLEXITY" missed="2" covered="0"/><counter type="METHOD" missed="2" covered="0"/><counter type="CLASS" missed="1" covered="0"/></class><class name="view/AdminDashboard$11" sourcefilename="AdminDashboard.java"><method name="&lt;init&gt;" desc="(Lview/AdminDashboard;[[Ljava/lang/Object;[Ljava/lang/Object;)V" line="631"><counter type="INSTRUCTION" missed="32" covered="0"/><counter type="LINE" missed="2" covered="0"/><counter type="COMPLEXITY" missed="1" covered="0"/><counter type="METHOD" missed="1" covered="0"/></method><method name="isCellEditable" desc="(II)Z" line="637"><counter type="INSTRUCTION" missed="5" covered="0"/><counter type="LINE" missed="1" covered="0"/><counter type="COMPLEXITY" missed="1" covered="0"/><counter type="METHOD" missed="1" covered="0"/></method><counter type="INSTRUCTION" missed="37" covered="0"/><counter type="LINE" missed="3" covered="0"/><counter type="COMPLEXITY" missed="2" covered="0"/><counter type="METHOD" missed="2" covered="0"/><counter type="CLASS" missed="1" covered="0"/></class><class name="view/AdminDashboard$10" sourcefilename="AdminDashboard.java"><method name="&lt;init&gt;" desc="(Lview/AdminDashboard;)V" line="532"><counter type="INSTRUCTION" missed="6" covered="0"/><counter type="LINE" missed="1" covered="0"/><counter type="COMPLEXITY" missed="1" covered="0"/><counter type="METHOD" missed="1" covered="0"/></method><method name="actionPerformed" desc="(Ljava/awt/event/ActionEvent;)V" line="534"><counter type="INSTRUCTION" missed="5" covered="0"/><counter type="LINE" missed="2" covered="0"/><counter type="COMPLEXITY" missed="1" covered="0"/><counter type="METHOD" missed="1" covered="0"/></method><counter type="INSTRUCTION" missed="11" covered="0"/><counter type="LINE" missed="3" covered="0"/><counter type="COMPLEXITY" missed="2" covered="0"/><counter type="METHOD" missed="2" covered="0"/><counter type="CLASS" missed="1" covered="0"/></class><class name="view/AdminDashboard$19" sourcefilename="AdminDashboard.java"><method name="&lt;init&gt;" desc="(Lview/AdminDashboard;)V" line="1564"><counter type="INSTRUCTION" missed="6" covered="0"/><counter type="LINE" missed="1" covered="0"/><counter type="COMPLEXITY" missed="1" covered="0"/><counter type="METHOD" missed="1" covered="0"/></method><method name="actionPerformed" desc="(Ljava/awt/event/ActionEvent;)V" line="1567"><counter type="INSTRUCTION" missed="35" covered="0"/><counter type="BRANCH" missed="4" covered="0"/><counter type="LINE" missed="8" covered="0"/><counter type="COMPLEXITY" missed="3" covered="0"/><counter type="METHOD" missed="1" covered="0"/></method><counter type="INSTRUCTION" missed="41" covered="0"/><counter type="BRANCH" missed="4" covered="0"/><counter type="LINE" missed="9" covered="0"/><counter type="COMPLEXITY" missed="4" covered="0"/><counter type="METHOD" missed="2" covered="0"/><counter type="CLASS" missed="1" covered="0"/></class><class name="view/AdminDashboard" sourcefilename="AdminDashboard.java"><method name="&lt;init&gt;" desc="()V" line="31"><counter type="INSTRUCTION" missed="110" covered="0"/><counter type="BRANCH" missed="2" covered="0"/><counter type="LINE" missed="34" covered="0"/><counter type="COMPLEXITY" missed="2" covered="0"/><counter type="METHOD" missed="1" covered="0"/></method><method name="remplirComboFournisseurs" desc="()V" line="72"><counter type="INSTRUCTION" missed="55" covered="0"/><counter type="BRANCH" missed="6" covered="0"/><counter type="LINE" missed="16" covered="0"/><counter type="COMPLEXITY" missed="4" covered="0"/><counter type="METHOD" missed="1" covered="0"/></method><method name="getFournisseurSelectione" desc="()Ljava/lang/Integer;" line="91"><counter type="INSTRUCTION" missed="16" covered="0"/><counter type="LINE" missed="4" covered="0"/><counter type="COMPLEXITY" missed="1" covered="0"/><counter type="METHOD" missed="1" covered="0"/></method><method name="remplirComboClients" desc="()V" line="99"><counter type="INSTRUCTION" missed="55" covered="0"/><counter type="BRANCH" missed="6" covered="0"/><counter type="LINE" missed="16" covered="0"/><counter type="COMPLEXITY" missed="4" covered="0"/><counter type="METHOD" missed="1" covered="0"/></method><method name="getClientSelectionne" desc="()Ljava/lang/Integer;" line="123"><counter type="INSTRUCTION" missed="16" covered="0"/><counter type="LINE" missed="4" covered="0"/><counter type="COMPLEXITY" missed="1" covered="0"/><counter type="METHOD" missed="1" covered="0"/></method><method name="definirLargeurColonnes" desc="()V" line="132"><counter type="INSTRUCTION" missed="50" covered="0"/><counter type="LINE" missed="12" covered="0"/><counter type="COMPLEXITY" missed="1" covered="0"/><counter type="METHOD" missed="1" covered="0"/></method><method name="initComponents" desc="()V" line="149"><counter type="INSTRUCTION" missed="4150" covered="0"/><counter type="LINE" missed="804" covered="0"/><counter type="COMPLEXITY" missed="1" covered="0"/><counter type="METHOD" missed="1" covered="0"/></method><method name="txtCategoryKeyReleased" desc="(Ljava/awt/event/KeyEvent;)V" line="1205"><counter type="INSTRUCTION" missed="69" covered="0"/><counter type="BRANCH" missed="2" covered="0"/><counter type="LINE" missed="9" covered="0"/><counter type="COMPLEXITY" missed="2" covered="0"/><counter type="METHOD" missed="1" covered="0"/></method><method name="chargerLesProduit" desc="()V" line="1217"><counter type="INSTRUCTION" missed="62" covered="0"/><counter type="BRANCH" missed="2" covered="0"/><counter type="LINE" missed="6" covered="0"/><counter type="COMPLEXITY" missed="2" covered="0"/><counter type="METHOD" missed="1" covered="0"/></method><method name="chargerLesFournisseurs" desc="()V" line="1226"><counter type="INSTRUCTION" missed="50" covered="0"/><counter type="BRANCH" missed="2" covered="0"/><counter type="LINE" missed="6" covered="0"/><counter type="COMPLEXITY" missed="2" covered="0"/><counter type="METHOD" missed="1" covered="0"/></method><method name="chargerLesCommandesDesClient" desc="()V" line="1234"><counter type="INSTRUCTION" missed="51" covered="0"/><counter type="BRANCH" missed="2" covered="0"/><counter type="LINE" missed="6" covered="0"/><counter type="COMPLEXITY" missed="2" covered="0"/><counter type="METHOD" missed="1" covered="0"/></method><method name="chargerLesCommandesDesFournisseurs" desc="()V" line="1242"><counter type="INSTRUCTION" missed="51" covered="0"/><counter type="BRANCH" missed="2" covered="0"/><counter type="LINE" missed="6" covered="0"/><counter type="COMPLEXITY" missed="2" covered="0"/><counter type="METHOD" missed="1" covered="0"/></method><method name="chargerLesClients" desc="()V" line="1250"><counter type="INSTRUCTION" missed="55" covered="0"/><counter type="BRANCH" missed="2" covered="0"/><counter type="LINE" missed="6" covered="0"/><counter type="COMPLEXITY" missed="2" covered="0"/><counter type="METHOD" missed="1" covered="0"/></method><method name="txtCategoryActionPerformed" desc="(Ljava/awt/event/ActionEvent;)V" line="1259"><counter type="INSTRUCTION" missed="1" covered="0"/><counter type="LINE" missed="1" covered="0"/><counter type="COMPLEXITY" missed="1" covered="0"/><counter type="METHOD" missed="1" covered="0"/></method><method name="cmdModifierActionPerformed" desc="(Ljava/awt/event/ActionEvent;)V" line="1262"><counter type="INSTRUCTION" missed="119" covered="0"/><counter type="BRANCH" missed="6" covered="0"/><counter type="LINE" missed="23" covered="0"/><counter type="COMPLEXITY" missed="4" covered="0"/><counter type="METHOD" missed="1" covered="0"/></method><method name="comboCategorieActionPerformed" desc="(Ljava/awt/event/ActionEvent;)V" line="1298"><counter type="INSTRUCTION" missed="1" covered="0"/><counter type="LINE" missed="1" covered="0"/><counter type="COMPLEXITY" missed="1" covered="0"/><counter type="METHOD" missed="1" covered="0"/></method><method name="cmdAjouterActionPerformed" desc="(Ljava/awt/event/ActionEvent;)V" line="1303"><counter type="INSTRUCTION" missed="54" covered="0"/><counter type="BRANCH" missed="2" covered="0"/><counter type="LINE" missed="12" covered="0"/><counter type="COMPLEXITY" missed="2" covered="0"/><counter type="METHOD" missed="1" covered="0"/></method><method name="cmdSuprimerActionPerformed" desc="(Ljava/awt/event/ActionEvent;)V" line="1320"><counter type="INSTRUCTION" missed="44" covered="0"/><counter type="BRANCH" missed="4" covered="0"/><counter type="LINE" missed="12" covered="0"/><counter type="COMPLEXITY" missed="3" covered="0"/><counter type="METHOD" missed="1" covered="0"/></method><method name="enregistremodificationCMDActionPerformed" desc="(Ljava/awt/event/ActionEvent;)V" line="1341"><counter type="INSTRUCTION" missed="67" covered="0"/><counter type="BRANCH" missed="2" covered="0"/><counter type="LINE" missed="17" covered="0"/><counter type="COMPLEXITY" missed="2" covered="0"/><counter type="METHOD" missed="1" covered="0"/></method><method name="resetFields" desc="()V" line="1364"><counter type="INSTRUCTION" missed="24" covered="0"/><counter type="LINE" missed="7" covered="0"/><counter type="COMPLEXITY" missed="1" covered="0"/><counter type="METHOD" missed="1" covered="0"/></method><method name="getSelectedCategoryId" desc="()I" line="1374"><counter type="INSTRUCTION" missed="2" covered="0"/><counter type="LINE" missed="1" covered="0"/><counter type="COMPLEXITY" missed="1" covered="0"/><counter type="METHOD" missed="1" covered="0"/></method><method name="cmdAjouterClientActionPerformed" desc="(Ljava/awt/event/ActionEvent;)V" line="1379"><counter type="INSTRUCTION" missed="67" covered="0"/><counter type="BRANCH" missed="2" covered="0"/><counter type="LINE" missed="17" covered="0"/><counter type="COMPLEXITY" missed="2" covered="0"/><counter type="METHOD" missed="1" covered="0"/></method><method name="cmdSuprimerClientActionPerformed" desc="(Ljava/awt/event/ActionEvent;)V" line="1403"><counter type="INSTRUCTION" missed="45" covered="0"/><counter type="BRANCH" missed="4" covered="0"/><counter type="LINE" missed="13" covered="0"/><counter type="COMPLEXITY" missed="3" covered="0"/><counter type="METHOD" missed="1" covered="0"/></method><method name="cmdAjouterFOURNISSEURActionPerformed" desc="(Ljava/awt/event/ActionEvent;)V" line="1422"><counter type="INSTRUCTION" missed="57" covered="0"/><counter type="BRANCH" missed="2" covered="0"/><counter type="LINE" missed="15" covered="0"/><counter type="COMPLEXITY" missed="2" covered="0"/><counter type="METHOD" missed="1" covered="0"/></method><method name="cmdSuprimerFournisseurActionPerformed" desc="(Ljava/awt/event/ActionEvent;)V" line="1444"><counter type="INSTRUCTION" missed="45" covered="0"/><counter type="BRANCH" missed="4" covered="0"/><counter type="LINE" missed="13" covered="0"/><counter type="COMPLEXITY" missed="3" covered="0"/><counter type="METHOD" missed="1" covered="0"/></method><method name="ajouterCMDActionPerformed" desc="(Ljava/awt/event/ActionEvent;)V" line="1463"><counter type="INSTRUCTION" missed="7" covered="0"/><counter type="LINE" missed="4" covered="0"/><counter type="COMPLEXITY" missed="1" covered="0"/><counter type="METHOD" missed="1" covered="0"/></method><method name="EnregistrerCommandeFournisseurActionPerformed" desc="(Ljava/awt/event/ActionEvent;)V" line="1473"><counter type="INSTRUCTION" missed="94" covered="0"/><counter type="BRANCH" missed="10" covered="0"/><counter type="LINE" missed="32" covered="0"/><counter type="COMPLEXITY" missed="6" covered="0"/><counter type="METHOD" missed="1" covered="0"/></method><method name="remplirComboProduits" desc="()V" line="1545"><counter type="INSTRUCTION" missed="78" covered="0"/><counter type="BRANCH" missed="6" covered="0"/><counter type="LINE" missed="20" covered="0"/><counter type="COMPLEXITY" missed="4" covered="0"/><counter type="METHOD" missed="1" covered="0"/></method><method name="getProduitSelectionne" desc="()Ljava/lang/Integer;" line="1588"><counter type="INSTRUCTION" missed="16" covered="0"/><counter type="LINE" missed="4" covered="0"/><counter type="COMPLEXITY" missed="1" covered="0"/><counter type="METHOD" missed="1" covered="0"/></method><method name="getPrixProduitSelectionne" desc="()Ljava/lang/Float;" line="1597"><counter type="INSTRUCTION" missed="16" covered="0"/><counter type="LINE" missed="4" covered="0"/><counter type="COMPLEXITY" missed="1" covered="0"/><counter type="METHOD" missed="1" covered="0"/></method><method name="ajouterCommandeClient" desc="()V" line="1607"><counter type="INSTRUCTION" missed="92" covered="0"/><counter type="BRANCH" missed="10" covered="0"/><counter type="LINE" missed="31" covered="0"/><counter type="COMPLEXITY" missed="6" covered="0"/><counter type="METHOD" missed="1" covered="0"/></method><method name="resetChamps" desc="()V" line="1679"><counter type="INSTRUCTION" missed="17" covered="0"/><counter type="LINE" missed="5" covered="0"/><counter type="COMPLEXITY" missed="1" covered="0"/><counter type="METHOD" missed="1" covered="0"/></method><method name="resetChampsFournisseurs" desc="()V" line="1685"><counter type="INSTRUCTION" missed="17" covered="0"/><counter type="LINE" missed="5" covered="0"/><counter type="COMPLEXITY" missed="1" covered="0"/><counter type="METHOD" missed="1" covered="0"/></method><method name="remplirComboProduitsFournisseur" desc="()V" line="1692"><counter type="INSTRUCTION" missed="78" covered="0"/><counter type="BRANCH" missed="6" covered="0"/><counter type="LINE" missed="20" covered="0"/><counter type="COMPLEXITY" missed="4" covered="0"/><counter type="METHOD" missed="1" covered="0"/></method><method name="getProduitFournisseurSelectionne" desc="()Ljava/lang/Integer;" line="1728"><counter type="INSTRUCTION" missed="16" covered="0"/><counter type="LINE" missed="4" covered="0"/><counter type="COMPLEXITY" missed="1" covered="0"/><counter type="METHOD" missed="1" covered="0"/></method><method name="getPrixProduitFournisseurSelectionne" desc="()Ljava/lang/Float;" line="1735"><counter type="INSTRUCTION" missed="16" covered="0"/><counter type="LINE" missed="4" covered="0"/><counter type="COMPLEXITY" missed="1" covered="0"/><counter type="METHOD" missed="1" covered="0"/></method><method name="main" desc="([Ljava/lang/String;)V" line="1743"><counter type="INSTRUCTION" missed="5" covered="0"/><counter type="LINE" missed="2" covered="0"/><counter type="COMPLEXITY" missed="1" covered="0"/><counter type="METHOD" missed="1" covered="0"/></method><counter type="INSTRUCTION" missed="5768" covered="0"/><counter type="BRANCH" missed="84" covered="0"/><counter type="LINE" missed="1196" covered="0"/><counter type="COMPLEXITY" missed="79" covered="0"/><counter type="METHOD" missed="37" covered="0"/><counter type="CLASS" missed="1" covered="0"/></class><class name="view/AdminDashboard$18" sourcefilename="AdminDashboard.java"><method name="&lt;init&gt;" desc="(Lview/AdminDashboard;[[Ljava/lang/Object;[Ljava/lang/Object;)V" line="1136"><counter type="INSTRUCTION" missed="28" covered="0"/><counter type="LINE" missed="2" covered="0"/><counter type="COMPLEXITY" missed="1" covered="0"/><counter type="METHOD" missed="1" covered="0"/></method><method name="isCellEditable" desc="(II)Z" line="1142"><counter type="INSTRUCTION" missed="5" covered="0"/><counter type="LINE" missed="1" covered="0"/><counter type="COMPLEXITY" missed="1" covered="0"/><counter type="METHOD" missed="1" covered="0"/></method><counter type="INSTRUCTION" missed="33" covered="0"/><counter type="LINE" missed="3" covered="0"/><counter type="COMPLEXITY" missed="2" covered="0"/><counter type="METHOD" missed="2" covered="0"/><counter type="CLASS" missed="1" covered="0"/></class><class name="view/AdminDashboard$17" sourcefilename="AdminDashboard.java"><method name="&lt;init&gt;" desc="(Lview/AdminDashboard;)V" line="1043"><counter type="INSTRUCTION" missed="6" covered="0"/><counter type="LINE" missed="1" covered="0"/><counter type="COMPLEXITY" missed="1" covered="0"/><counter type="METHOD" missed="1" covered="0"/></method><method name="actionPerformed" desc="(Ljava/awt/event/ActionEvent;)V" line="1045"><counter type="INSTRUCTION" missed="5" covered="0"/><counter type="LINE" missed="2" covered="0"/><counter type="COMPLEXITY" missed="1" covered="0"/><counter type="METHOD" missed="1" covered="0"/></method><counter type="INSTRUCTION" missed="11" covered="0"/><counter type="LINE" missed="3" covered="0"/><counter type="COMPLEXITY" missed="2" covered="0"/><counter type="METHOD" missed="2" covered="0"/><counter type="CLASS" missed="1" covered="0"/></class><class name="view/AdminDashboard$16" sourcefilename="AdminDashboard.java"><method name="&lt;init&gt;" desc="(Lview/AdminDashboard;)V" line="909"><counter type="INSTRUCTION" missed="6" covered="0"/><counter type="LINE" missed="1" covered="0"/><counter type="COMPLEXITY" missed="1" covered="0"/><counter type="METHOD" missed="1" covered="0"/></method><method name="actionPerformed" desc="(Ljava/awt/event/ActionEvent;)V" line="911"><counter type="INSTRUCTION" missed="5" covered="0"/><counter type="LINE" missed="2" covered="0"/><counter type="COMPLEXITY" missed="1" covered="0"/><counter type="METHOD" missed="1" covered="0"/></method><counter type="INSTRUCTION" missed="11" covered="0"/><counter type="LINE" missed="3" covered="0"/><counter type="COMPLEXITY" missed="2" covered="0"/><counter type="METHOD" missed="2" covered="0"/><counter type="CLASS" missed="1" covered="0"/></class><class name="view/AdminDashboard$15" sourcefilename="AdminDashboard.java"><method name="&lt;init&gt;" desc="(Lview/AdminDashboard;[[Ljava/lang/Object;[Ljava/lang/Object;)V" line="843"><counter type="INSTRUCTION" missed="28" covered="0"/><counter type="LINE" missed="2" covered="0"/><counter type="COMPLEXITY" missed="1" covered="0"/><counter type="METHOD" missed="1" covered="0"/></method><method name="isCellEditable" desc="(II)Z" line="849"><counter type="INSTRUCTION" missed="5" covered="0"/><counter type="LINE" missed="1" covered="0"/><counter type="COMPLEXITY" missed="1" covered="0"/><counter type="METHOD" missed="1" covered="0"/></method><counter type="INSTRUCTION" missed="33" covered="0"/><counter type="LINE" missed="3" covered="0"/><counter type="COMPLEXITY" missed="2" covered="0"/><counter type="METHOD" missed="2" covered="0"/><counter type="CLASS" missed="1" covered="0"/></class><class name="view/AdminDashboard$14" sourcefilename="AdminDashboard.java"><method name="&lt;init&gt;" desc="(Lview/AdminDashboard;)V" line="734"><counter type="INSTRUCTION" missed="6" covered="0"/><counter type="LINE" missed="1" covered="0"/><counter type="COMPLEXITY" missed="1" covered="0"/><counter type="METHOD" missed="1" covered="0"/></method><method name="actionPerformed" desc="(Ljava/awt/event/ActionEvent;)V" line="736"><counter type="INSTRUCTION" missed="5" covered="0"/><counter type="LINE" missed="2" covered="0"/><counter type="COMPLEXITY" missed="1" covered="0"/><counter type="METHOD" missed="1" covered="0"/></method><counter type="INSTRUCTION" missed="11" covered="0"/><counter type="LINE" missed="3" covered="0"/><counter type="COMPLEXITY" missed="2" covered="0"/><counter type="METHOD" missed="2" covered="0"/><counter type="CLASS" missed="1" covered="0"/></class><sourcefile name="AdminDashboard.java"><line nr="31" mi="2" ci="0" mb="0" cb="0"/><line nr="32" mi="2" ci="0" mb="0" cb="0"/><line nr="33" mi="3" ci="0" mb="0" cb="0"/><line nr="34" mi="3" ci="0" mb="0" cb="0"/><line nr="35" mi="4" ci="0" mb="0" cb="0"/><line nr="36" mi="4" ci="0" mb="0" cb="0"/><line nr="38" mi="5" ci="0" mb="0" cb="0"/><line nr="39" mi="13" ci="0" mb="2" cb="0"/><line nr="40" mi="5" ci="0" mb="0" cb="0"/><line nr="41" mi="1" ci="0" mb="0" cb="0"/><line nr="42" mi="1" ci="0" mb="0" cb="0"/><line nr="43" mi="7" ci="0" mb="0" cb="0"/><line nr="44" mi="1" ci="0" mb="0" cb="0"/><line nr="46" mi="2" ci="0" mb="0" cb="0"/><line nr="47" mi="6" ci="0" mb="0" cb="0"/><line nr="48" mi="6" ci="0" mb="0" cb="0"/><line nr="49" mi="6" ci="0" mb="0" cb="0"/><line nr="50" mi="6" ci="0" mb="0" cb="0"/><line nr="51" mi="6" ci="0" mb="0" cb="0"/><line nr="54" mi="2" ci="0" mb="0" cb="0"/><line nr="55" mi="2" ci="0" mb="0" cb="0"/><line nr="56" mi="2" ci="0" mb="0" cb="0"/><line nr="57" mi="2" ci="0" mb="0" cb="0"/><line nr="58" mi="2" ci="0" mb="0" cb="0"/><line nr="59" mi="2" ci="0" mb="0" cb="0"/><line nr="60" mi="2" ci="0" mb="0" cb="0"/><line nr="61" mi="2" ci="0" mb="0" cb="0"/><line nr="62" mi="2" ci="0" mb="0" cb="0"/><line nr="63" mi="2" ci="0" mb="0" cb="0"/><line nr="64" mi="2" ci="0" mb="0" cb="0"/><line nr="65" mi="1" ci="0" mb="0" cb="0"/><line nr="66" mi="2" ci="0" mb="0" cb="0"/><line nr="67" mi="1" ci="0" mb="0" cb="0"/><line nr="68" mi="1" ci="0" mb="0" cb="0"/><line nr="72" mi="2" ci="0" mb="0" cb="0"/><line nr="73" mi="5" ci="0" mb="4" cb="0"/><line nr="74" mi="3" ci="0" mb="0" cb="0"/><line nr="75" mi="4" ci="0" mb="0" cb="0"/><line nr="76" mi="10" ci="0" mb="2" cb="0"/><line nr="77" mi="3" ci="0" mb="0" cb="0"/><line nr="78" mi="4" ci="0" mb="0" cb="0"/><line nr="79" mi="7" ci="0" mb="0" cb="0"/><line nr="80" mi="1" ci="0" mb="0" cb="0"/><line nr="81" mi="5" ci="0" mb="0" cb="0"/><line nr="82" mi="1" ci="0" mb="0" cb="0"/><line nr="83" mi="5" ci="0" mb="0" cb="0"/><line nr="85" mi="1" ci="0" mb="0" cb="0"/><line nr="86" mi="2" ci="0" mb="0" cb="0"/><line nr="87" mi="1" ci="0" mb="0" cb="0"/><line nr="88" mi="1" ci="0" mb="0" cb="0"/><line nr="91" mi="5" ci="0" mb="0" cb="0"/><line nr="92" mi="3" ci="0" mb="0" cb="0"/><line nr="93" mi="3" ci="0" mb="0" cb="0"/><line nr="94" mi="5" ci="0" mb="0" cb="0"/><line nr="99" mi="2" ci="0" mb="0" cb="0"/><line nr="101" mi="5" ci="0" mb="4" cb="0"/><line nr="102" mi="3" ci="0" mb="0" cb="0"/><line nr="104" mi="4" ci="0" mb="0" cb="0"/><line nr="106" mi="10" ci="0" mb="2" cb="0"/><line nr="107" mi="3" ci="0" mb="0" cb="0"/><line nr="108" mi="4" ci="0" mb="0" cb="0"/><line nr="110" mi="7" ci="0" mb="0" cb="0"/><line nr="111" mi="1" ci="0" mb="0" cb="0"/><line nr="113" mi="5" ci="0" mb="0" cb="0"/><line nr="114" mi="1" ci="0" mb="0" cb="0"/><line nr="115" mi="5" ci="0" mb="0" cb="0"/><line nr="117" mi="1" ci="0" mb="0" cb="0"/><line nr="118" mi="2" ci="0" mb="0" cb="0"/><line nr="119" mi="1" ci="0" mb="0" cb="0"/><line nr="120" mi="1" ci="0" mb="0" cb="0"/><line nr="123" mi="5" ci="0" mb="0" cb="0"/><line nr="124" mi="3" ci="0" mb="0" cb="0"/><line nr="125" mi="3" ci="0" mb="0" cb="0"/><line nr="127" mi="5" ci="0" mb="0" cb="0"/><line nr="132" mi="4" ci="0" mb="0" cb="0"/><line nr="133" mi="4" ci="0" mb="0" cb="0"/><line nr="134" mi="4" ci="0" mb="0" cb="0"/><line nr="135" mi="4" ci="0" mb="0" cb="0"/><line nr="136" mi="4" ci="0" mb="0" cb="0"/><line nr="137" mi="4" ci="0" mb="0" cb="0"/><line nr="138" mi="5" ci="0" mb="0" cb="0"/><line nr="139" mi="5" ci="0" mb="0" cb="0"/><line nr="140" mi="5" ci="0" mb="0" cb="0"/><line nr="141" mi="5" ci="0" mb="0" cb="0"/><line nr="142" mi="5" ci="0" mb="0" cb="0"/><line nr="143" mi="1" ci="0" mb="0" cb="0"/><line nr="149" mi="5" ci="0" mb="0" cb="0"/><line nr="150" mi="5" ci="0" mb="0" cb="0"/><line nr="151" mi="5" ci="0" mb="0" cb="0"/><line nr="152" mi="5" ci="0" mb="0" cb="0"/><line nr="153" mi="5" ci="0" mb="0" cb="0"/><line nr="154" mi="5" ci="0" mb="0" cb="0"/><line nr="155" mi="5" ci="0" mb="0" cb="0"/><line nr="156" mi="5" ci="0" mb="0" cb="0"/><line nr="157" mi="5" ci="0" mb="0" cb="0"/><line nr="158" mi="5" ci="0" mb="0" cb="0"/><line nr="159" mi="5" ci="0" mb="0" cb="0"/><line nr="160" mi="5" ci="0" mb="0" cb="0"/><line nr="161" mi="5" ci="0" mb="0" cb="0"/><line nr="162" mi="5" ci="0" mb="0" cb="0"/><line nr="163" mi="5" ci="0" mb="0" cb="0"/><line nr="164" mi="5" ci="0" mb="0" cb="0"/><line nr="165" mi="5" ci="0" mb="0" cb="0"/><line nr="166" mi="5" ci="0" mb="0" cb="0"/><line nr="167" mi="5" ci="0" mb="0" cb="0"/><line nr="168" mi="5" ci="0" mb="0" cb="0"/><line nr="169" mi="5" ci="0" mb="0" cb="0"/><line nr="170" mi="5" ci="0" mb="0" cb="0"/><line nr="171" mi="5" ci="0" mb="0" cb="0"/><line nr="172" mi="5" ci="0" mb="0" cb="0"/><line nr="173" mi="5" ci="0" mb="0" cb="0"/><line nr="174" mi="5" ci="0" mb="0" cb="0"/><line nr="175" mi="5" ci="0" mb="0" cb="0"/><line nr="176" mi="5" ci="0" mb="0" cb="0"/><line nr="177" mi="5" ci="0" mb="0" cb="0"/><line nr="178" mi="5" ci="0" mb="0" cb="0"/><line nr="179" mi="5" ci="0" mb="0" cb="0"/><line nr="180" mi="5" ci="0" mb="0" cb="0"/><line nr="181" mi="5" ci="0" mb="0" cb="0"/><line nr="182" mi="5" ci="0" mb="0" cb="0"/><line nr="183" mi="5" ci="0" mb="0" cb="0"/><line nr="184" mi="5" ci="0" mb="0" cb="0"/><line nr="185" mi="5" ci="0" mb="0" cb="0"/><line nr="186" mi="5" ci="0" mb="0" cb="0"/><line nr="187" mi="5" ci="0" mb="0" cb="0"/><line nr="188" mi="5" ci="0" mb="0" cb="0"/><line nr="189" mi="5" ci="0" mb="0" cb="0"/><line nr="190" mi="5" ci="0" mb="0" cb="0"/><line nr="191" mi="5" ci="0" mb="0" cb="0"/><line nr="192" mi="5" ci="0" mb="0" cb="0"/><line nr="193" mi="5" ci="0" mb="0" cb="0"/><line nr="194" mi="5" ci="0" mb="0" cb="0"/><line nr="195" mi="5" ci="0" mb="0" cb="0"/><line nr="196" mi="5" ci="0" mb="0" cb="0"/><line nr="197" mi="5" ci="0" mb="0" cb="0"/><line nr="198" mi="5" ci="0" mb="0" cb="0"/><line nr="199" mi="5" ci="0" mb="0" cb="0"/><line nr="200" mi="5" ci="0" mb="0" cb="0"/><line nr="201" mi="5" ci="0" mb="0" cb="0"/><line nr="202" mi="5" ci="0" mb="0" cb="0"/><line nr="203" mi="5" ci="0" mb="0" cb="0"/><line nr="204" mi="5" ci="0" mb="0" cb="0"/><line nr="205" mi="5" ci="0" mb="0" cb="0"/><line nr="206" mi="5" ci="0" mb="0" cb="0"/><line nr="207" mi="5" ci="0" mb="0" cb="0"/><line nr="208" mi="5" ci="0" mb="0" cb="0"/><line nr="209" mi="5" ci="0" mb="0" cb="0"/><line nr="210" mi="5" ci="0" mb="0" cb="0"/><line nr="211" mi="5" ci="0" mb="0" cb="0"/><line nr="212" mi="5" ci="0" mb="0" cb="0"/><line nr="213" mi="5" ci="0" mb="0" cb="0"/><line nr="214" mi="5" ci="0" mb="0" cb="0"/><line nr="215" mi="5" ci="0" mb="0" cb="0"/><line nr="216" mi="5" ci="0" mb="0" cb="0"/><line nr="217" mi="5" ci="0" mb="0" cb="0"/><line nr="218" mi="5" ci="0" mb="0" cb="0"/><line nr="219" mi="5" ci="0" mb="0" cb="0"/><line nr="220" mi="5" ci="0" mb="0" cb="0"/><line nr="221" mi="5" ci="0" mb="0" cb="0"/><line nr="222" mi="5" ci="0" mb="0" cb="0"/><line nr="223" mi="5" ci="0" mb="0" cb="0"/><line nr="224" mi="5" ci="0" mb="0" cb="0"/><line nr="225" mi="5" ci="0" mb="0" cb="0"/><line nr="226" mi="5" ci="0" mb="0" cb="0"/><line nr="227" mi="5" ci="0" mb="0" cb="0"/><line nr="228" mi="5" ci="0" mb="0" cb="0"/><line nr="229" mi="5" ci="0" mb="0" cb="0"/><line nr="230" mi="5" ci="0" mb="0" cb="0"/><line nr="231" mi="5" ci="0" mb="0" cb="0"/><line nr="232" mi="5" ci="0" mb="0" cb="0"/><line nr="233" mi="5" ci="0" mb="0" cb="0"/><line nr="234" mi="5" ci="0" mb="0" cb="0"/><line nr="235" mi="5" ci="0" mb="0" cb="0"/><line nr="236" mi="5" ci="0" mb="0" cb="0"/><line nr="237" mi="5" ci="0" mb="0" cb="0"/><line nr="239" mi="3" ci="0" mb="0" cb="0"/><line nr="241" mi="8" ci="0" mb="0" cb="0"/><line nr="243" mi="9" ci="0" mb="0" cb="0"/><line nr="244" mi="8" ci="0" mb="0" cb="0"/><line nr="246" mi="9" ci="0" mb="0" cb="0"/><line nr="247" mi="8" ci="0" mb="0" cb="0"/><line nr="249" mi="9" ci="0" mb="0" cb="0"/><line nr="250" mi="9" ci="0" mb="0" cb="0"/><line nr="251" mi="4" ci="0" mb="0" cb="0"/><line nr="253" mi="9" ci="0" mb="0" cb="0"/><line nr="254" mi="9" ci="0" mb="0" cb="0"/><line nr="255" mi="4" ci="0" mb="0" cb="0"/><line nr="257" mi="9" ci="0" mb="0" cb="0"/><line nr="258" mi="9" ci="0" mb="0" cb="0"/><line nr="259" mi="4" ci="0" mb="0" cb="0"/><line nr="261" mi="9" ci="0" mb="0" cb="0"/><line nr="262" mi="9" ci="0" mb="0" cb="0"/><line nr="263" mi="4" ci="0" mb="0" cb="0"/><line nr="265" mi="9" ci="0" mb="0" cb="0"/><line nr="266" mi="9" ci="0" mb="0" cb="0"/><line nr="267" mi="4" ci="0" mb="0" cb="0"/><line nr="269" mi="9" ci="0" mb="0" cb="0"/><line nr="270" mi="9" ci="0" mb="0" cb="0"/><line nr="271" mi="4" ci="0" mb="0" cb="0"/><line nr="273" mi="13" ci="0" mb="0" cb="0"/><line nr="275" mi="4" ci="0" mb="0" cb="0"/><line nr="276" mi="1" ci="0" mb="0" cb="0"/><line nr="278" mi="13" ci="0" mb="0" cb="0"/><line nr="280" mi="4" ci="0" mb="0" cb="0"/><line nr="281" mi="1" ci="0" mb="0" cb="0"/><line nr="284" mi="24" ci="0" mb="0" cb="0"/><line nr="285" mi="13" ci="0" mb="0" cb="0"/><line nr="287" mi="4" ci="0" mb="0" cb="0"/><line nr="288" mi="1" ci="0" mb="0" cb="0"/><line nr="291" mi="9" ci="0" mb="0" cb="0"/><line nr="292" mi="9" ci="0" mb="0" cb="0"/><line nr="293" mi="4" ci="0" mb="0" cb="0"/><line nr="295" mi="9" ci="0" mb="0" cb="0"/><line nr="296" mi="9" ci="0" mb="0" cb="0"/><line nr="297" mi="9" ci="0" mb="0" cb="0"/><line nr="298" mi="4" ci="0" mb="0" cb="0"/><line nr="299" mi="13" ci="0" mb="0" cb="0"/><line nr="301" mi="4" ci="0" mb="0" cb="0"/><line nr="302" mi="1" ci="0" mb="0" cb="0"/><line nr="305" mi="9" ci="0" mb="0" cb="0"/><line nr="306" mi="9" ci="0" mb="0" cb="0"/><line nr="307" mi="9" ci="0" mb="0" cb="0"/><line nr="308" mi="4" ci="0" mb="0" cb="0"/><line nr="309" mi="13" ci="0" mb="0" cb="0"/><line nr="311" mi="4" ci="0" mb="0" cb="0"/><line nr="312" mi="1" ci="0" mb="0" cb="0"/><line nr="315" mi="9" ci="0" mb="0" cb="0"/><line nr="316" mi="9" ci="0" mb="0" cb="0"/><line nr="317" mi="9" ci="0" mb="0" cb="0"/><line nr="318" mi="4" ci="0" mb="0" cb="0"/><line nr="319" mi="13" ci="0" mb="0" cb="0"/><line nr="321" mi="4" ci="0" mb="0" cb="0"/><line nr="322" mi="1" ci="0" mb="0" cb="0"/><line nr="325" mi="9" ci="0" mb="0" cb="0"/><line nr="326" mi="9" ci="0" mb="0" cb="0"/><line nr="327" mi="9" ci="0" mb="0" cb="0"/><line nr="328" mi="4" ci="0" mb="0" cb="0"/><line nr="329" mi="13" ci="0" mb="0" cb="0"/><line nr="331" mi="4" ci="0" mb="0" cb="0"/><line nr="332" mi="1" ci="0" mb="0" cb="0"/><line nr="335" mi="6" ci="0" mb="0" cb="0"/><line nr="336" mi="4" ci="0" mb="0" cb="0"/><line nr="337" mi="4" ci="0" mb="0" cb="0"/><line nr="338" mi="2" ci="0" mb="0" cb="0"/><line nr="339" mi="4" ci="0" mb="0" cb="0"/><line nr="340" mi="5" ci="0" mb="0" cb="0"/><line nr="341" mi="3" ci="0" mb="0" cb="0"/><line nr="342" mi="3" ci="0" mb="0" cb="0"/><line nr="343" mi="9" ci="0" mb="0" cb="0"/><line nr="344" mi="4" ci="0" mb="0" cb="0"/><line nr="345" mi="13" ci="0" mb="0" cb="0"/><line nr="346" mi="7" ci="0" mb="0" cb="0"/><line nr="347" mi="1" ci="0" mb="0" cb="0"/><line nr="348" mi="2" ci="0" mb="0" cb="0"/><line nr="349" mi="10" ci="0" mb="0" cb="0"/><line nr="350" mi="6" ci="0" mb="0" cb="0"/><line nr="351" mi="1" ci="0" mb="0" cb="0"/><line nr="352" mi="1" ci="0" mb="0" cb="0"/><line nr="353" mi="3" ci="0" mb="0" cb="0"/><line nr="354" mi="6" ci="0" mb="0" cb="0"/><line nr="355" mi="4" ci="0" mb="0" cb="0"/><line nr="356" mi="4" ci="0" mb="0" cb="0"/><line nr="357" mi="3" ci="0" mb="0" cb="0"/><line nr="358" mi="3" ci="0" mb="0" cb="0"/><line nr="359" mi="3" ci="0" mb="0" cb="0"/><line nr="360" mi="6" ci="0" mb="0" cb="0"/><line nr="361" mi="1" ci="0" mb="0" cb="0"/><line nr="362" mi="3" ci="0" mb="0" cb="0"/><line nr="363" mi="6" ci="0" mb="0" cb="0"/><line nr="364" mi="1" ci="0" mb="0" cb="0"/><line nr="365" mi="6" ci="0" mb="0" cb="0"/><line nr="366" mi="6" ci="0" mb="0" cb="0"/><line nr="367" mi="1" ci="0" mb="0" cb="0"/><line nr="368" mi="3" ci="0" mb="0" cb="0"/><line nr="369" mi="6" ci="0" mb="0" cb="0"/><line nr="370" mi="4" ci="0" mb="0" cb="0"/><line nr="371" mi="6" ci="0" mb="0" cb="0"/><line nr="372" mi="4" ci="0" mb="0" cb="0"/><line nr="373" mi="6" ci="0" mb="0" cb="0"/><line nr="374" mi="1" ci="0" mb="0" cb="0"/><line nr="375" mi="5" ci="0" mb="0" cb="0"/><line nr="376" mi="3" ci="0" mb="0" cb="0"/><line nr="377" mi="1" ci="0" mb="0" cb="0"/><line nr="378" mi="1" ci="0" mb="0" cb="0"/><line nr="380" mi="4" ci="0" mb="0" cb="0"/><line nr="381" mi="2" ci="0" mb="0" cb="0"/><line nr="382" mi="5" ci="0" mb="0" cb="0"/><line nr="383" mi="6" ci="0" mb="0" cb="0"/><line nr="384" mi="4" ci="0" mb="0" cb="0"/><line nr="385" mi="3" ci="0" mb="0" cb="0"/><line nr="386" mi="9" ci="0" mb="0" cb="0"/><line nr="387" mi="6" ci="0" mb="0" cb="0"/><line nr="388" mi="1" ci="0" mb="0" cb="0"/><line nr="389" mi="4" ci="0" mb="0" cb="0"/><line nr="390" mi="6" ci="0" mb="0" cb="0"/><line nr="391" mi="6" ci="0" mb="0" cb="0"/><line nr="392" mi="1" ci="0" mb="0" cb="0"/><line nr="393" mi="3" ci="0" mb="0" cb="0"/><line nr="394" mi="6" ci="0" mb="0" cb="0"/><line nr="395" mi="1" ci="0" mb="0" cb="0"/><line nr="396" mi="3" ci="0" mb="0" cb="0"/><line nr="397" mi="9" ci="0" mb="0" cb="0"/><line nr="398" mi="6" ci="0" mb="0" cb="0"/><line nr="399" mi="1" ci="0" mb="0" cb="0"/><line nr="400" mi="4" ci="0" mb="0" cb="0"/><line nr="401" mi="6" ci="0" mb="0" cb="0"/><line nr="402" mi="6" ci="0" mb="0" cb="0"/><line nr="403" mi="1" ci="0" mb="0" cb="0"/><line nr="404" mi="3" ci="0" mb="0" cb="0"/><line nr="405" mi="6" ci="0" mb="0" cb="0"/><line nr="406" mi="1" ci="0" mb="0" cb="0"/><line nr="407" mi="3" ci="0" mb="0" cb="0"/><line nr="408" mi="10" ci="0" mb="0" cb="0"/><line nr="409" mi="6" ci="0" mb="0" cb="0"/><line nr="410" mi="1" ci="0" mb="0" cb="0"/><line nr="411" mi="3" ci="0" mb="0" cb="0"/><line nr="412" mi="10" ci="0" mb="0" cb="0"/><line nr="413" mi="6" ci="0" mb="0" cb="0"/><line nr="414" mi="6" ci="0" mb="0" cb="0"/><line nr="415" mi="1" ci="0" mb="0" cb="0"/><line nr="416" mi="6" ci="0" mb="0" cb="0"/><line nr="417" mi="2" ci="0" mb="0" cb="0"/><line nr="418" mi="3" ci="0" mb="0" cb="0"/><line nr="419" mi="10" ci="0" mb="0" cb="0"/><line nr="420" mi="6" ci="0" mb="0" cb="0"/><line nr="421" mi="1" ci="0" mb="0" cb="0"/><line nr="422" mi="1" ci="0" mb="0" cb="0"/><line nr="425" mi="8" ci="0" mb="0" cb="0"/><line nr="427" mi="6" ci="0" mb="0" cb="0"/><line nr="428" mi="4" ci="0" mb="0" cb="0"/><line nr="429" mi="4" ci="0" mb="0" cb="0"/><line nr="430" mi="4" ci="0" mb="0" cb="0"/><line nr="431" mi="1" ci="0" mb="0" cb="0"/><line nr="433" mi="4" ci="0" mb="0" cb="0"/><line nr="434" mi="4" ci="0" mb="0" cb="0"/><line nr="435" mi="1" ci="0" mb="0" cb="0"/><line nr="438" mi="9" ci="0" mb="0" cb="0"/><line nr="439" mi="9" ci="0" mb="0" cb="0"/><line nr="440" mi="4" ci="0" mb="0" cb="0"/><line nr="442" mi="35" ci="0" mb="0" cb="0"/><line nr="449" mi="8" ci="0" mb="0" cb="0"/><line nr="450" mi="28" ci="0" mb="0" cb="0"/><line nr="455" mi="5" ci="0" mb="0" cb="0"/><line nr="458" mi="5" ci="0" mb="0" cb="0"/><line nr="460" mi="6" ci="0" mb="0" cb="0"/><line nr="461" mi="4" ci="0" mb="0" cb="0"/><line nr="462" mi="4" ci="0" mb="0" cb="0"/><line nr="463" mi="2" ci="0" mb="0" cb="0"/><line nr="464" mi="7" ci="0" mb="0" cb="0"/><line nr="465" mi="2" ci="0" mb="0" cb="0"/><line nr="466" mi="3" ci="0" mb="0" cb="0"/><line nr="467" mi="3" ci="0" mb="0" cb="0"/><line nr="468" mi="6" ci="0" mb="0" cb="0"/><line nr="469" mi="1" ci="0" mb="0" cb="0"/><line nr="470" mi="1" ci="0" mb="0" cb="0"/><line nr="471" mi="5" ci="0" mb="0" cb="0"/><line nr="472" mi="3" ci="0" mb="0" cb="0"/><line nr="473" mi="6" ci="0" mb="0" cb="0"/><line nr="474" mi="10" ci="0" mb="0" cb="0"/><line nr="475" mi="6" ci="0" mb="0" cb="0"/><line nr="476" mi="1" ci="0" mb="0" cb="0"/><line nr="477" mi="1" ci="0" mb="0" cb="0"/><line nr="478" mi="1" ci="0" mb="0" cb="0"/><line nr="480" mi="4" ci="0" mb="0" cb="0"/><line nr="481" mi="2" ci="0" mb="0" cb="0"/><line nr="482" mi="12" ci="0" mb="0" cb="0"/><line nr="483" mi="4" ci="0" mb="0" cb="0"/><line nr="484" mi="3" ci="0" mb="0" cb="0"/><line nr="485" mi="4" ci="0" mb="0" cb="0"/><line nr="486" mi="6" ci="0" mb="0" cb="0"/><line nr="487" mi="3" ci="0" mb="0" cb="0"/><line nr="488" mi="1" ci="0" mb="0" cb="0"/><line nr="489" mi="1" ci="0" mb="0" cb="0"/><line nr="492" mi="6" ci="0" mb="0" cb="0"/><line nr="494" mi="9" ci="0" mb="0" cb="0"/><line nr="496" mi="9" ci="0" mb="0" cb="0"/><line nr="497" mi="8" ci="0" mb="0" cb="0"/><line nr="499" mi="9" ci="0" mb="0" cb="0"/><line nr="500" mi="4" ci="0" mb="0" cb="0"/><line nr="502" mi="9" ci="0" mb="0" cb="0"/><line nr="503" mi="9" ci="0" mb="0" cb="0"/><line nr="504" mi="4" ci="0" mb="0" cb="0"/><line nr="506" mi="9" ci="0" mb="0" cb="0"/><line nr="507" mi="9" ci="0" mb="0" cb="0"/><line nr="508" mi="4" ci="0" mb="0" cb="0"/><line nr="510" mi="9" ci="0" mb="0" cb="0"/><line nr="511" mi="9" ci="0" mb="0" cb="0"/><line nr="512" mi="4" ci="0" mb="0" cb="0"/><line nr="514" mi="9" ci="0" mb="0" cb="0"/><line nr="515" mi="9" ci="0" mb="0" cb="0"/><line nr="516" mi="4" ci="0" mb="0" cb="0"/><line nr="518" mi="9" ci="0" mb="0" cb="0"/><line nr="519" mi="9" ci="0" mb="0" cb="0"/><line nr="520" mi="9" ci="0" mb="0" cb="0"/><line nr="521" mi="4" ci="0" mb="0" cb="0"/><line nr="522" mi="13" ci="0" mb="0" cb="0"/><line nr="524" mi="4" ci="0" mb="0" cb="0"/><line nr="525" mi="1" ci="0" mb="0" cb="0"/><line nr="528" mi="9" ci="0" mb="0" cb="0"/><line nr="529" mi="9" ci="0" mb="0" cb="0"/><line nr="530" mi="9" ci="0" mb="0" cb="0"/><line nr="531" mi="4" ci="0" mb="0" cb="0"/><line nr="532" mi="13" ci="0" mb="0" cb="0"/><line nr="534" mi="4" ci="0" mb="0" cb="0"/><line nr="535" mi="1" ci="0" mb="0" cb="0"/><line nr="538" mi="6" ci="0" mb="0" cb="0"/><line nr="539" mi="4" ci="0" mb="0" cb="0"/><line nr="540" mi="4" ci="0" mb="0" cb="0"/><line nr="541" mi="3" ci="0" mb="0" cb="0"/><line nr="542" mi="5" ci="0" mb="0" cb="0"/><line nr="543" mi="7" ci="0" mb="0" cb="0"/><line nr="544" mi="6" ci="0" mb="0" cb="0"/><line nr="545" mi="6" ci="0" mb="0" cb="0"/><line nr="546" mi="6" ci="0" mb="0" cb="0"/><line nr="547" mi="6" ci="0" mb="0" cb="0"/><line nr="548" mi="1" ci="0" mb="0" cb="0"/><line nr="549" mi="2" ci="0" mb="0" cb="0"/><line nr="550" mi="6" ci="0" mb="0" cb="0"/><line nr="551" mi="1" ci="0" mb="0" cb="0"/><line nr="552" mi="3" ci="0" mb="0" cb="0"/><line nr="553" mi="4" ci="0" mb="0" cb="0"/><line nr="554" mi="3" ci="0" mb="0" cb="0"/><line nr="555" mi="1" ci="0" mb="0" cb="0"/><line nr="556" mi="4" ci="0" mb="0" cb="0"/><line nr="557" mi="6" ci="0" mb="0" cb="0"/><line nr="558" mi="3" ci="0" mb="0" cb="0"/><line nr="559" mi="6" ci="0" mb="0" cb="0"/><line nr="560" mi="1" ci="0" mb="0" cb="0"/><line nr="561" mi="6" ci="0" mb="0" cb="0"/><line nr="562" mi="6" ci="0" mb="0" cb="0"/><line nr="563" mi="1" ci="0" mb="0" cb="0"/><line nr="564" mi="5" ci="0" mb="0" cb="0"/><line nr="565" mi="6" ci="0" mb="0" cb="0"/><line nr="566" mi="1" ci="0" mb="0" cb="0"/><line nr="567" mi="3" ci="0" mb="0" cb="0"/><line nr="568" mi="4" ci="0" mb="0" cb="0"/><line nr="569" mi="3" ci="0" mb="0" cb="0"/><line nr="570" mi="1" ci="0" mb="0" cb="0"/><line nr="571" mi="1" ci="0" mb="0" cb="0"/><line nr="572" mi="4" ci="0" mb="0" cb="0"/><line nr="573" mi="5" ci="0" mb="0" cb="0"/><line nr="574" mi="6" ci="0" mb="0" cb="0"/><line nr="575" mi="6" ci="0" mb="0" cb="0"/><line nr="576" mi="1" ci="0" mb="0" cb="0"/><line nr="577" mi="5" ci="0" mb="0" cb="0"/><line nr="578" mi="6" ci="0" mb="0" cb="0"/><line nr="579" mi="1" ci="0" mb="0" cb="0"/><line nr="580" mi="1" ci="0" mb="0" cb="0"/><line nr="582" mi="4" ci="0" mb="0" cb="0"/><line nr="583" mi="2" ci="0" mb="0" cb="0"/><line nr="584" mi="2" ci="0" mb="0" cb="0"/><line nr="585" mi="3" ci="0" mb="0" cb="0"/><line nr="586" mi="4" ci="0" mb="0" cb="0"/><line nr="587" mi="3" ci="0" mb="0" cb="0"/><line nr="588" mi="5" ci="0" mb="0" cb="0"/><line nr="589" mi="6" ci="0" mb="0" cb="0"/><line nr="590" mi="1" ci="0" mb="0" cb="0"/><line nr="591" mi="3" ci="0" mb="0" cb="0"/><line nr="592" mi="5" ci="0" mb="0" cb="0"/><line nr="593" mi="6" ci="0" mb="0" cb="0"/><line nr="594" mi="1" ci="0" mb="0" cb="0"/><line nr="595" mi="3" ci="0" mb="0" cb="0"/><line nr="596" mi="5" ci="0" mb="0" cb="0"/><line nr="597" mi="6" ci="0" mb="0" cb="0"/><line nr="598" mi="1" ci="0" mb="0" cb="0"/><line nr="599" mi="3" ci="0" mb="0" cb="0"/><line nr="600" mi="5" ci="0" mb="0" cb="0"/><line nr="601" mi="6" ci="0" mb="0" cb="0"/><line nr="602" mi="1" ci="0" mb="0" cb="0"/><line nr="603" mi="3" ci="0" mb="0" cb="0"/><line nr="604" mi="7" ci="0" mb="0" cb="0"/><line nr="605" mi="6" ci="0" mb="0" cb="0"/><line nr="606" mi="1" ci="0" mb="0" cb="0"/><line nr="607" mi="1" ci="0" mb="0" cb="0"/><line nr="610" mi="9" ci="0" mb="0" cb="0"/><line nr="611" mi="8" ci="0" mb="0" cb="0"/><line nr="613" mi="9" ci="0" mb="0" cb="0"/><line nr="614" mi="9" ci="0" mb="0" cb="0"/><line nr="616" mi="9" ci="0" mb="0" cb="0"/><line nr="617" mi="9" ci="0" mb="0" cb="0"/><line nr="618" mi="4" ci="0" mb="0" cb="0"/><line nr="620" mi="9" ci="0" mb="0" cb="0"/><line nr="621" mi="9" ci="0" mb="0" cb="0"/><line nr="622" mi="4" ci="0" mb="0" cb="0"/><line nr="624" mi="31" ci="0" mb="0" cb="0"/><line nr="631" mi="8" ci="0" mb="0" cb="0"/><line nr="632" mi="24" ci="0" mb="0" cb="0"/><line nr="637" mi="5" ci="0" mb="0" cb="0"/><line nr="640" mi="5" ci="0" mb="0" cb="0"/><line nr="642" mi="27" ci="0" mb="0" cb="0"/><line nr="649" mi="8" ci="0" mb="0" cb="0"/><line nr="650" mi="20" ci="0" mb="0" cb="0"/><line nr="655" mi="5" ci="0" mb="0" cb="0"/><line nr="658" mi="5" ci="0" mb="0" cb="0"/><line nr="660" mi="6" ci="0" mb="0" cb="0"/><line nr="661" mi="4" ci="0" mb="0" cb="0"/><line nr="662" mi="4" ci="0" mb="0" cb="0"/><line nr="663" mi="2" ci="0" mb="0" cb="0"/><line nr="664" mi="7" ci="0" mb="0" cb="0"/><line nr="665" mi="6" ci="0" mb="0" cb="0"/><line nr="666" mi="2" ci="0" mb="0" cb="0"/><line nr="667" mi="6" ci="0" mb="0" cb="0"/><line nr="668" mi="3" ci="0" mb="0" cb="0"/><line nr="669" mi="1" ci="0" mb="0" cb="0"/><line nr="670" mi="4" ci="0" mb="0" cb="0"/><line nr="671" mi="3" ci="0" mb="0" cb="0"/><line nr="672" mi="4" ci="0" mb="0" cb="0"/><line nr="673" mi="7" ci="0" mb="0" cb="0"/><line nr="674" mi="10" ci="0" mb="0" cb="0"/><line nr="675" mi="3" ci="0" mb="0" cb="0"/><line nr="676" mi="1" ci="0" mb="0" cb="0"/><line nr="677" mi="1" ci="0" mb="0" cb="0"/><line nr="678" mi="7" ci="0" mb="0" cb="0"/><line nr="679" mi="4" ci="0" mb="0" cb="0"/><line nr="680" mi="1" ci="0" mb="0" cb="0"/><line nr="682" mi="4" ci="0" mb="0" cb="0"/><line nr="683" mi="2" ci="0" mb="0" cb="0"/><line nr="684" mi="4" ci="0" mb="0" cb="0"/><line nr="685" mi="4" ci="0" mb="0" cb="0"/><line nr="686" mi="7" ci="0" mb="0" cb="0"/><line nr="687" mi="3" ci="0" mb="0" cb="0"/><line nr="688" mi="1" ci="0" mb="0" cb="0"/><line nr="689" mi="2" ci="0" mb="0" cb="0"/><line nr="690" mi="6" ci="0" mb="0" cb="0"/><line nr="691" mi="1" ci="0" mb="0" cb="0"/><line nr="692" mi="6" ci="0" mb="0" cb="0"/><line nr="693" mi="2" ci="0" mb="0" cb="0"/><line nr="694" mi="6" ci="0" mb="0" cb="0"/><line nr="695" mi="2" ci="0" mb="0" cb="0"/><line nr="696" mi="6" ci="0" mb="0" cb="0"/><line nr="697" mi="1" ci="0" mb="0" cb="0"/><line nr="698" mi="1" ci="0" mb="0" cb="0"/><line nr="701" mi="9" ci="0" mb="0" cb="0"/><line nr="702" mi="8" ci="0" mb="0" cb="0"/><line nr="704" mi="9" ci="0" mb="0" cb="0"/><line nr="705" mi="9" ci="0" mb="0" cb="0"/><line nr="706" mi="4" ci="0" mb="0" cb="0"/><line nr="708" mi="9" ci="0" mb="0" cb="0"/><line nr="709" mi="9" ci="0" mb="0" cb="0"/><line nr="710" mi="4" ci="0" mb="0" cb="0"/><line nr="712" mi="9" ci="0" mb="0" cb="0"/><line nr="713" mi="9" ci="0" mb="0" cb="0"/><line nr="714" mi="4" ci="0" mb="0" cb="0"/><line nr="716" mi="9" ci="0" mb="0" cb="0"/><line nr="717" mi="9" ci="0" mb="0" cb="0"/><line nr="718" mi="4" ci="0" mb="0" cb="0"/><line nr="720" mi="9" ci="0" mb="0" cb="0"/><line nr="721" mi="9" ci="0" mb="0" cb="0"/><line nr="722" mi="9" ci="0" mb="0" cb="0"/><line nr="723" mi="4" ci="0" mb="0" cb="0"/><line nr="724" mi="13" ci="0" mb="0" cb="0"/><line nr="726" mi="4" ci="0" mb="0" cb="0"/><line nr="727" mi="1" ci="0" mb="0" cb="0"/><line nr="730" mi="9" ci="0" mb="0" cb="0"/><line nr="731" mi="9" ci="0" mb="0" cb="0"/><line nr="732" mi="9" ci="0" mb="0" cb="0"/><line nr="733" mi="4" ci="0" mb="0" cb="0"/><line nr="734" mi="13" ci="0" mb="0" cb="0"/><line nr="736" mi="4" ci="0" mb="0" cb="0"/><line nr="737" mi="1" ci="0" mb="0" cb="0"/><line nr="740" mi="6" ci="0" mb="0" cb="0"/><line nr="741" mi="4" ci="0" mb="0" cb="0"/><line nr="742" mi="4" ci="0" mb="0" cb="0"/><line nr="743" mi="2" ci="0" mb="0" cb="0"/><line nr="744" mi="4" ci="0" mb="0" cb="0"/><line nr="745" mi="6" ci="0" mb="0" cb="0"/><line nr="746" mi="7" ci="0" mb="0" cb="0"/><line nr="747" mi="3" ci="0" mb="0" cb="0"/><line nr="748" mi="1" ci="0" mb="0" cb="0"/><line nr="749" mi="4" ci="0" mb="0" cb="0"/><line nr="750" mi="6" ci="0" mb="0" cb="0"/><line nr="751" mi="6" ci="0" mb="0" cb="0"/><line nr="752" mi="3" ci="0" mb="0" cb="0"/><line nr="753" mi="7" ci="0" mb="0" cb="0"/><line nr="754" mi="6" ci="0" mb="0" cb="0"/><line nr="755" mi="1" ci="0" mb="0" cb="0"/><line nr="756" mi="6" ci="0" mb="0" cb="0"/><line nr="757" mi="6" ci="0" mb="0" cb="0"/><line nr="758" mi="1" ci="0" mb="0" cb="0"/><line nr="759" mi="2" ci="0" mb="0" cb="0"/><line nr="760" mi="6" ci="0" mb="0" cb="0"/><line nr="761" mi="1" ci="0" mb="0" cb="0"/><line nr="762" mi="3" ci="0" mb="0" cb="0"/><line nr="763" mi="6" ci="0" mb="0" cb="0"/><line nr="764" mi="6" ci="0" mb="0" cb="0"/><line nr="765" mi="3" ci="0" mb="0" cb="0"/><line nr="766" mi="6" ci="0" mb="0" cb="0"/><line nr="767" mi="1" ci="0" mb="0" cb="0"/><line nr="768" mi="7" ci="0" mb="0" cb="0"/><line nr="769" mi="4" ci="0" mb="0" cb="0"/><line nr="770" mi="1" ci="0" mb="0" cb="0"/><line nr="771" mi="1" ci="0" mb="0" cb="0"/><line nr="773" mi="4" ci="0" mb="0" cb="0"/><line nr="774" mi="2" ci="0" mb="0" cb="0"/><line nr="775" mi="4" ci="0" mb="0" cb="0"/><line nr="776" mi="2" ci="0" mb="0" cb="0"/><line nr="777" mi="3" ci="0" mb="0" cb="0"/><line nr="778" mi="5" ci="0" mb="0" cb="0"/><line nr="779" mi="6" ci="0" mb="0" cb="0"/><line nr="780" mi="10" ci="0" mb="0" cb="0"/><line nr="781" mi="3" ci="0" mb="0" cb="0"/><line nr="782" mi="1" ci="0" mb="0" cb="0"/><line nr="783" mi="3" ci="0" mb="0" cb="0"/><line nr="784" mi="10" ci="0" mb="0" cb="0"/><line nr="785" mi="3" ci="0" mb="0" cb="0"/><line nr="786" mi="1" ci="0" mb="0" cb="0"/><line nr="787" mi="6" ci="0" mb="0" cb="0"/><line nr="788" mi="1" ci="0" mb="0" cb="0"/><line nr="789" mi="1" ci="0" mb="0" cb="0"/><line nr="790" mi="3" ci="0" mb="0" cb="0"/><line nr="791" mi="6" ci="0" mb="0" cb="0"/><line nr="792" mi="6" ci="0" mb="0" cb="0"/><line nr="793" mi="1" ci="0" mb="0" cb="0"/><line nr="794" mi="3" ci="0" mb="0" cb="0"/><line nr="795" mi="6" ci="0" mb="0" cb="0"/><line nr="796" mi="1" ci="0" mb="0" cb="0"/><line nr="799" mi="6" ci="0" mb="0" cb="0"/><line nr="800" mi="4" ci="0" mb="0" cb="0"/><line nr="801" mi="4" ci="0" mb="0" cb="0"/><line nr="802" mi="2" ci="0" mb="0" cb="0"/><line nr="803" mi="4" ci="0" mb="0" cb="0"/><line nr="804" mi="8" ci="0" mb="0" cb="0"/><line nr="805" mi="6" ci="0" mb="0" cb="0"/><line nr="806" mi="6" ci="0" mb="0" cb="0"/><line nr="807" mi="4" ci="0" mb="0" cb="0"/><line nr="808" mi="1" ci="0" mb="0" cb="0"/><line nr="809" mi="7" ci="0" mb="0" cb="0"/><line nr="810" mi="4" ci="0" mb="0" cb="0"/><line nr="811" mi="1" ci="0" mb="0" cb="0"/><line nr="812" mi="1" ci="0" mb="0" cb="0"/><line nr="814" mi="4" ci="0" mb="0" cb="0"/><line nr="815" mi="2" ci="0" mb="0" cb="0"/><line nr="816" mi="12" ci="0" mb="0" cb="0"/><line nr="817" mi="2" ci="0" mb="0" cb="0"/><line nr="818" mi="6" ci="0" mb="0" cb="0"/><line nr="819" mi="3" ci="0" mb="0" cb="0"/><line nr="820" mi="1" ci="0" mb="0" cb="0"/><line nr="821" mi="1" ci="0" mb="0" cb="0"/><line nr="824" mi="6" ci="0" mb="0" cb="0"/><line nr="826" mi="9" ci="0" mb="0" cb="0"/><line nr="828" mi="9" ci="0" mb="0" cb="0"/><line nr="829" mi="9" ci="0" mb="0" cb="0"/><line nr="830" mi="8" ci="0" mb="0" cb="0"/><line nr="832" mi="9" ci="0" mb="0" cb="0"/><line nr="833" mi="9" ci="0" mb="0" cb="0"/><line nr="834" mi="4" ci="0" mb="0" cb="0"/><line nr="836" mi="27" ci="0" mb="0" cb="0"/><line nr="843" mi="8" ci="0" mb="0" cb="0"/><line nr="844" mi="20" ci="0" mb="0" cb="0"/><line nr="849" mi="5" ci="0" mb="0" cb="0"/><line nr="852" mi="5" ci="0" mb="0" cb="0"/><line nr="854" mi="6" ci="0" mb="0" cb="0"/><line nr="855" mi="4" ci="0" mb="0" cb="0"/><line nr="856" mi="4" ci="0" mb="0" cb="0"/><line nr="857" mi="2" ci="0" mb="0" cb="0"/><line nr="858" mi="7" ci="0" mb="0" cb="0"/><line nr="859" mi="6" ci="0" mb="0" cb="0"/><line nr="860" mi="3" ci="0" mb="0" cb="0"/><line nr="861" mi="1" ci="0" mb="0" cb="0"/><line nr="862" mi="7" ci="0" mb="0" cb="0"/><line nr="863" mi="1" ci="0" mb="0" cb="0"/><line nr="864" mi="1" ci="0" mb="0" cb="0"/><line nr="866" mi="4" ci="0" mb="0" cb="0"/><line nr="867" mi="2" ci="0" mb="0" cb="0"/><line nr="868" mi="2" ci="0" mb="0" cb="0"/><line nr="869" mi="3" ci="0" mb="0" cb="0"/><line nr="870" mi="2" ci="0" mb="0" cb="0"/><line nr="871" mi="6" ci="0" mb="0" cb="0"/><line nr="872" mi="3" ci="0" mb="0" cb="0"/><line nr="873" mi="1" ci="0" mb="0" cb="0"/><line nr="876" mi="9" ci="0" mb="0" cb="0"/><line nr="877" mi="8" ci="0" mb="0" cb="0"/><line nr="879" mi="9" ci="0" mb="0" cb="0"/><line nr="880" mi="9" ci="0" mb="0" cb="0"/><line nr="881" mi="4" ci="0" mb="0" cb="0"/><line nr="883" mi="9" ci="0" mb="0" cb="0"/><line nr="885" mi="24" ci="0" mb="0" cb="0"/><line nr="887" mi="9" ci="0" mb="0" cb="0"/><line nr="888" mi="9" ci="0" mb="0" cb="0"/><line nr="889" mi="4" ci="0" mb="0" cb="0"/><line nr="891" mi="9" ci="0" mb="0" cb="0"/><line nr="892" mi="9" ci="0" mb="0" cb="0"/><line nr="893" mi="4" ci="0" mb="0" cb="0"/><line nr="895" mi="24" ci="0" mb="0" cb="0"/><line nr="897" mi="9" ci="0" mb="0" cb="0"/><line nr="898" mi="9" ci="0" mb="0" cb="0"/><line nr="899" mi="4" ci="0" mb="0" cb="0"/><line nr="901" mi="9" ci="0" mb="0" cb="0"/><line nr="902" mi="9" ci="0" mb="0" cb="0"/><line nr="903" mi="4" ci="0" mb="0" cb="0"/><line nr="905" mi="9" ci="0" mb="0" cb="0"/><line nr="906" mi="9" ci="0" mb="0" cb="0"/><line nr="907" mi="9" ci="0" mb="0" cb="0"/><line nr="908" mi="4" ci="0" mb="0" cb="0"/><line nr="909" mi="13" ci="0" mb="0" cb="0"/><line nr="911" mi="4" ci="0" mb="0" cb="0"/><line nr="912" mi="1" ci="0" mb="0" cb="0"/><line nr="915" mi="6" ci="0" mb="0" cb="0"/><line nr="916" mi="4" ci="0" mb="0" cb="0"/><line nr="917" mi="4" ci="0" mb="0" cb="0"/><line nr="918" mi="2" ci="0" mb="0" cb="0"/><line nr="919" mi="7" ci="0" mb="0" cb="0"/><line nr="920" mi="3" ci="0" mb="0" cb="0"/><line nr="921" mi="7" ci="0" mb="0" cb="0"/><line nr="922" mi="3" ci="0" mb="0" cb="0"/><line nr="923" mi="3" ci="0" mb="0" cb="0"/><line nr="924" mi="1" ci="0" mb="0" cb="0"/><line nr="925" mi="4" ci="0" mb="0" cb="0"/><line nr="926" mi="9" ci="0" mb="0" cb="0"/><line nr="927" mi="6" ci="0" mb="0" cb="0"/><line nr="928" mi="3" ci="0" mb="0" cb="0"/><line nr="929" mi="3" ci="0" mb="0" cb="0"/><line nr="930" mi="1" ci="0" mb="0" cb="0"/><line nr="931" mi="1" ci="0" mb="0" cb="0"/><line nr="932" mi="6" ci="0" mb="0" cb="0"/><line nr="933" mi="6" ci="0" mb="0" cb="0"/><line nr="934" mi="4" ci="0" mb="0" cb="0"/><line nr="935" mi="1" ci="0" mb="0" cb="0"/><line nr="936" mi="3" ci="0" mb="0" cb="0"/><line nr="937" mi="5" ci="0" mb="0" cb="0"/><line nr="938" mi="6" ci="0" mb="0" cb="0"/><line nr="939" mi="3" ci="0" mb="0" cb="0"/><line nr="940" mi="1" ci="0" mb="0" cb="0"/><line nr="942" mi="4" ci="0" mb="0" cb="0"/><line nr="943" mi="2" ci="0" mb="0" cb="0"/><line nr="944" mi="7" ci="0" mb="0" cb="0"/><line nr="945" mi="6" ci="0" mb="0" cb="0"/><line nr="946" mi="4" ci="0" mb="0" cb="0"/><line nr="947" mi="3" ci="0" mb="0" cb="0"/><line nr="948" mi="10" ci="0" mb="0" cb="0"/><line nr="949" mi="6" ci="0" mb="0" cb="0"/><line nr="950" mi="1" ci="0" mb="0" cb="0"/><line nr="951" mi="3" ci="0" mb="0" cb="0"/><line nr="952" mi="10" ci="0" mb="0" cb="0"/><line nr="953" mi="6" ci="0" mb="0" cb="0"/><line nr="954" mi="1" ci="0" mb="0" cb="0"/><line nr="955" mi="3" ci="0" mb="0" cb="0"/><line nr="956" mi="10" ci="0" mb="0" cb="0"/><line nr="957" mi="6" ci="0" mb="0" cb="0"/><line nr="958" mi="1" ci="0" mb="0" cb="0"/><line nr="959" mi="6" ci="0" mb="0" cb="0"/><line nr="960" mi="4" ci="0" mb="0" cb="0"/><line nr="961" mi="1" ci="0" mb="0" cb="0"/><line nr="962" mi="3" ci="0" mb="0" cb="0"/><line nr="963" mi="5" ci="0" mb="0" cb="0"/><line nr="964" mi="6" ci="0" mb="0" cb="0"/><line nr="965" mi="3" ci="0" mb="0" cb="0"/><line nr="966" mi="1" ci="0" mb="0" cb="0"/><line nr="969" mi="6" ci="0" mb="0" cb="0"/><line nr="970" mi="4" ci="0" mb="0" cb="0"/><line nr="971" mi="4" ci="0" mb="0" cb="0"/><line nr="972" mi="2" ci="0" mb="0" cb="0"/><line nr="973" mi="7" ci="0" mb="0" cb="0"/><line nr="974" mi="6" ci="0" mb="0" cb="0"/><line nr="975" mi="4" ci="0" mb="0" cb="0"/><line nr="976" mi="1" ci="0" mb="0" cb="0"/><line nr="977" mi="4" ci="0" mb="0" cb="0"/><line nr="978" mi="6" ci="0" mb="0" cb="0"/><line nr="979" mi="4" ci="0" mb="0" cb="0"/><line nr="980" mi="1" ci="0" mb="0" cb="0"/><line nr="982" mi="4" ci="0" mb="0" cb="0"/><line nr="983" mi="2" ci="0" mb="0" cb="0"/><line nr="984" mi="5" ci="0" mb="0" cb="0"/><line nr="985" mi="3" ci="0" mb="0" cb="0"/><line nr="986" mi="4" ci="0" mb="0" cb="0"/><line nr="987" mi="6" ci="0" mb="0" cb="0"/><line nr="988" mi="3" ci="0" mb="0" cb="0"/><line nr="989" mi="1" ci="0" mb="0" cb="0"/><line nr="992" mi="6" ci="0" mb="0" cb="0"/><line nr="993" mi="4" ci="0" mb="0" cb="0"/><line nr="994" mi="4" ci="0" mb="0" cb="0"/><line nr="995" mi="2" ci="0" mb="0" cb="0"/><line nr="996" mi="7" ci="0" mb="0" cb="0"/><line nr="997" mi="2" ci="0" mb="0" cb="0"/><line nr="998" mi="6" ci="0" mb="0" cb="0"/><line nr="999" mi="1" ci="0" mb="0" cb="0"/><line nr="1001" mi="4" ci="0" mb="0" cb="0"/><line nr="1002" mi="2" ci="0" mb="0" cb="0"/><line nr="1003" mi="5" ci="0" mb="0" cb="0"/><line nr="1004" mi="10" ci="0" mb="0" cb="0"/><line nr="1005" mi="6" ci="0" mb="0" cb="0"/><line nr="1006" mi="1" ci="0" mb="0" cb="0"/><line nr="1007" mi="1" ci="0" mb="0" cb="0"/><line nr="1010" mi="6" ci="0" mb="0" cb="0"/><line nr="1012" mi="9" ci="0" mb="0" cb="0"/><line nr="1014" mi="9" ci="0" mb="0" cb="0"/><line nr="1015" mi="8" ci="0" mb="0" cb="0"/><line nr="1017" mi="9" ci="0" mb="0" cb="0"/><line nr="1019" mi="9" ci="0" mb="0" cb="0"/><line nr="1020" mi="9" ci="0" mb="0" cb="0"/><line nr="1021" mi="4" ci="0" mb="0" cb="0"/><line nr="1023" mi="9" ci="0" mb="0" cb="0"/><line nr="1024" mi="9" ci="0" mb="0" cb="0"/><line nr="1025" mi="4" ci="0" mb="0" cb="0"/><line nr="1027" mi="9" ci="0" mb="0" cb="0"/><line nr="1028" mi="9" ci="0" mb="0" cb="0"/><line nr="1029" mi="4" ci="0" mb="0" cb="0"/><line nr="1031" mi="9" ci="0" mb="0" cb="0"/><line nr="1032" mi="9" ci="0" mb="0" cb="0"/><line nr="1033" mi="4" ci="0" mb="0" cb="0"/><line nr="1035" mi="24" ci="0" mb="0" cb="0"/><line nr="1037" mi="24" ci="0" mb="0" cb="0"/><line nr="1039" mi="9" ci="0" mb="0" cb="0"/><line nr="1040" mi="9" ci="0" mb="0" cb="0"/><line nr="1041" mi="9" ci="0" mb="0" cb="0"/><line nr="1042" mi="4" ci="0" mb="0" cb="0"/><line nr="1043" mi="13" ci="0" mb="0" cb="0"/><line nr="1045" mi="4" ci="0" mb="0" cb="0"/><line nr="1046" mi="1" ci="0" mb="0" cb="0"/><line nr="1049" mi="6" ci="0" mb="0" cb="0"/><line nr="1050" mi="4" ci="0" mb="0" cb="0"/><line nr="1051" mi="4" ci="0" mb="0" cb="0"/><line nr="1052" mi="3" ci="0" mb="0" cb="0"/><line nr="1053" mi="7" ci="0" mb="0" cb="0"/><line nr="1054" mi="3" ci="0" mb="0" cb="0"/><line nr="1055" mi="7" ci="0" mb="0" cb="0"/><line nr="1056" mi="6" ci="0" mb="0" cb="0"/><line nr="1057" mi="6" ci="0" mb="0" cb="0"/><line nr="1058" mi="6" ci="0" mb="0" cb="0"/><line nr="1059" mi="1" ci="0" mb="0" cb="0"/><line nr="1060" mi="4" ci="0" mb="0" cb="0"/><line nr="1061" mi="10" ci="0" mb="0" cb="0"/><line nr="1062" mi="6" ci="0" mb="0" cb="0"/><line nr="1063" mi="3" ci="0" mb="0" cb="0"/><line nr="1064" mi="3" ci="0" mb="0" cb="0"/><line nr="1065" mi="1" ci="0" mb="0" cb="0"/><line nr="1066" mi="1" ci="0" mb="0" cb="0"/><line nr="1067" mi="4" ci="0" mb="0" cb="0"/><line nr="1068" mi="3" ci="0" mb="0" cb="0"/><line nr="1069" mi="4" ci="0" mb="0" cb="0"/><line nr="1070" mi="1" ci="0" mb="0" cb="0"/><line nr="1072" mi="4" ci="0" mb="0" cb="0"/><line nr="1073" mi="2" ci="0" mb="0" cb="0"/><line nr="1074" mi="5" ci="0" mb="0" cb="0"/><line nr="1075" mi="3" ci="0" mb="0" cb="0"/><line nr="1076" mi="10" ci="0" mb="0" cb="0"/><line nr="1077" mi="6" ci="0" mb="0" cb="0"/><line nr="1078" mi="1" ci="0" mb="0" cb="0"/><line nr="1079" mi="3" ci="0" mb="0" cb="0"/><line nr="1080" mi="10" ci="0" mb="0" cb="0"/><line nr="1081" mi="6" ci="0" mb="0" cb="0"/><line nr="1082" mi="1" ci="0" mb="0" cb="0"/><line nr="1083" mi="3" ci="0" mb="0" cb="0"/><line nr="1084" mi="10" ci="0" mb="0" cb="0"/><line nr="1085" mi="6" ci="0" mb="0" cb="0"/><line nr="1086" mi="1" ci="0" mb="0" cb="0"/><line nr="1087" mi="3" ci="0" mb="0" cb="0"/><line nr="1088" mi="10" ci="0" mb="0" cb="0"/><line nr="1089" mi="6" ci="0" mb="0" cb="0"/><line nr="1090" mi="1" ci="0" mb="0" cb="0"/><line nr="1091" mi="6" ci="0" mb="0" cb="0"/><line nr="1092" mi="1" ci="0" mb="0" cb="0"/><line nr="1093" mi="1" ci="0" mb="0" cb="0"/><line nr="1096" mi="9" ci="0" mb="0" cb="0"/><line nr="1097" mi="4" ci="0" mb="0" cb="0"/><line nr="1099" mi="6" ci="0" mb="0" cb="0"/><line nr="1100" mi="4" ci="0" mb="0" cb="0"/><line nr="1101" mi="4" ci="0" mb="0" cb="0"/><line nr="1102" mi="3" ci="0" mb="0" cb="0"/><line nr="1103" mi="5" ci="0" mb="0" cb="0"/><line nr="1104" mi="6" ci="0" mb="0" cb="0"/><line nr="1105" mi="4" ci="0" mb="0" cb="0"/><line nr="1106" mi="1" ci="0" mb="0" cb="0"/><line nr="1107" mi="5" ci="0" mb="0" cb="0"/><line nr="1108" mi="6" ci="0" mb="0" cb="0"/><line nr="1109" mi="3" ci="0" mb="0" cb="0"/><line nr="1110" mi="1" ci="0" mb="0" cb="0"/><line nr="1112" mi="4" ci="0" mb="0" cb="0"/><line nr="1113" mi="2" ci="0" mb="0" cb="0"/><line nr="1114" mi="5" ci="0" mb="0" cb="0"/><line nr="1115" mi="6" ci="0" mb="0" cb="0"/><line nr="1116" mi="4" ci="0" mb="0" cb="0"/><line nr="1117" mi="6" ci="0" mb="0" cb="0"/><line nr="1118" mi="3" ci="0" mb="0" cb="0"/><line nr="1119" mi="1" ci="0" mb="0" cb="0"/><line nr="1122" mi="9" ci="0" mb="0" cb="0"/><line nr="1123" mi="8" ci="0" mb="0" cb="0"/><line nr="1125" mi="9" ci="0" mb="0" cb="0"/><line nr="1126" mi="9" ci="0" mb="0" cb="0"/><line nr="1127" mi="4" ci="0" mb="0" cb="0"/><line nr="1129" mi="27" ci="0" mb="0" cb="0"/><line nr="1136" mi="8" ci="0" mb="0" cb="0"/><line nr="1137" mi="20" ci="0" mb="0" cb="0"/><line nr="1142" mi="5" ci="0" mb="0" cb="0"/><line nr="1145" mi="5" ci="0" mb="0" cb="0"/><line nr="1147" mi="6" ci="0" mb="0" cb="0"/><line nr="1148" mi="4" ci="0" mb="0" cb="0"/><line nr="1149" mi="4" ci="0" mb="0" cb="0"/><line nr="1150" mi="2" ci="0" mb="0" cb="0"/><line nr="1151" mi="6" ci="0" mb="0" cb="0"/><line nr="1152" mi="6" ci="0" mb="0" cb="0"/><line nr="1153" mi="3" ci="0" mb="0" cb="0"/><line nr="1154" mi="1" ci="0" mb="0" cb="0"/><line nr="1155" mi="5" ci="0" mb="0" cb="0"/><line nr="1156" mi="6" ci="0" mb="0" cb="0"/><line nr="1157" mi="1" ci="0" mb="0" cb="0"/><line nr="1158" mi="1" ci="0" mb="0" cb="0"/><line nr="1160" mi="4" ci="0" mb="0" cb="0"/><line nr="1161" mi="2" ci="0" mb="0" cb="0"/><line nr="1162" mi="5" ci="0" mb="0" cb="0"/><line nr="1163" mi="6" ci="0" mb="0" cb="0"/><line nr="1164" mi="2" ci="0" mb="0" cb="0"/><line nr="1165" mi="6" ci="0" mb="0" cb="0"/><line nr="1166" mi="3" ci="0" mb="0" cb="0"/><line nr="1167" mi="1" ci="0" mb="0" cb="0"/><line nr="1170" mi="6" ci="0" mb="0" cb="0"/><line nr="1171" mi="4" ci="0" mb="0" cb="0"/><line nr="1172" mi="4" ci="0" mb="0" cb="0"/><line nr="1173" mi="3" ci="0" mb="0" cb="0"/><line nr="1174" mi="7" ci="0" mb="0" cb="0"/><line nr="1175" mi="2" ci="0" mb="0" cb="0"/><line nr="1176" mi="6" ci="0" mb="0" cb="0"/><line nr="1177" mi="1" ci="0" mb="0" cb="0"/><line nr="1179" mi="4" ci="0" mb="0" cb="0"/><line nr="1180" mi="2" ci="0" mb="0" cb="0"/><line nr="1181" mi="4" ci="0" mb="0" cb="0"/><line nr="1182" mi="10" ci="0" mb="0" cb="0"/><line nr="1183" mi="6" ci="0" mb="0" cb="0"/><line nr="1184" mi="1" ci="0" mb="0" cb="0"/><line nr="1185" mi="1" ci="0" mb="0" cb="0"/><line nr="1188" mi="6" ci="0" mb="0" cb="0"/><line nr="1190" mi="6" ci="0" mb="0" cb="0"/><line nr="1191" mi="4" ci="0" mb="0" cb="0"/><line nr="1192" mi="4" ci="0" mb="0" cb="0"/><line nr="1193" mi="6" ci="0" mb="0" cb="0"/><line nr="1194" mi="1" ci="0" mb="0" cb="0"/><line nr="1196" mi="4" ci="0" mb="0" cb="0"/><line nr="1197" mi="6" ci="0" mb="0" cb="0"/><line nr="1198" mi="1" ci="0" mb="0" cb="0"/><line nr="1201" mi="2" ci="0" mb="0" cb="0"/><line nr="1202" mi="1" ci="0" mb="0" cb="0"/><line nr="1205" mi="4" ci="0" mb="0" cb="0"/><line nr="1207" mi="12" ci="0" mb="2" cb="0"/><line nr="1208" mi="4" ci="0" mb="0" cb="0"/><line nr="1209" mi="38" ci="0" mb="0" cb="0"/><line nr="1210" mi="1" ci="0" mb="0" cb="0"/><line nr="1211" mi="1" ci="0" mb="0" cb="0"/><line nr="1212" mi="7" ci="0" mb="0" cb="0"/><line nr="1213" mi="1" ci="0" mb="0" cb="0"/><line nr="1215" mi="1" ci="0" mb="0" cb="0"/><line nr="1217" mi="4" ci="0" mb="0" cb="0"/><line nr="1218" mi="5" ci="0" mb="0" cb="0"/><line nr="1219" mi="13" ci="0" mb="2" cb="0"/><line nr="1220" mi="38" ci="0" mb="0" cb="0"/><line nr="1221" mi="1" ci="0" mb="0" cb="0"/><line nr="1223" mi="1" ci="0" mb="0" cb="0"/><line nr="1226" mi="4" ci="0" mb="0" cb="0"/><line nr="1227" mi="5" ci="0" mb="0" cb="0"/><line nr="1228" mi="13" ci="0" mb="2" cb="0"/><line nr="1229" mi="26" ci="0" mb="0" cb="0"/><line nr="1230" mi="1" ci="0" mb="0" cb="0"/><line nr="1231" mi="1" ci="0" mb="0" cb="0"/><line nr="1234" mi="4" ci="0" mb="0" cb="0"/><line nr="1235" mi="5" ci="0" mb="0" cb="0"/><line nr="1236" mi="13" ci="0" mb="2" cb="0"/><line nr="1237" mi="27" ci="0" mb="0" cb="0"/><line nr="1238" mi="1" ci="0" mb="0" cb="0"/><line nr="1239" mi="1" ci="0" mb="0" cb="0"/><line nr="1242" mi="4" ci="0" mb="0" cb="0"/><line nr="1243" mi="5" ci="0" mb="0" cb="0"/><line nr="1244" mi="13" ci="0" mb="2" cb="0"/><line nr="1245" mi="27" ci="0" mb="0" cb="0"/><line nr="1246" mi="1" ci="0" mb="0" cb="0"/><line nr="1247" mi="1" ci="0" mb="0" cb="0"/><line nr="1250" mi="4" ci="0" mb="0" cb="0"/><line nr="1251" mi="5" ci="0" mb="0" cb="0"/><line nr="1252" mi="13" ci="0" mb="2" cb="0"/><line nr="1253" mi="31" ci="0" mb="0" cb="0"/><line nr="1254" mi="1" ci="0" mb="0" cb="0"/><line nr="1256" mi="1" ci="0" mb="0" cb="0"/><line nr="1259" mi="1" ci="0" mb="0" cb="0"/><line nr="1262" mi="4" ci="0" mb="0" cb="0"/><line nr="1263" mi="3" ci="0" mb="2" cb="0"/><line nr="1265" mi="12" ci="0" mb="0" cb="0"/><line nr="1267" mi="7" ci="0" mb="0" cb="0"/><line nr="1268" mi="7" ci="0" mb="0" cb="0"/><line nr="1269" mi="8" ci="0" mb="0" cb="0"/><line nr="1270" mi="8" ci="0" mb="0" cb="0"/><line nr="1271" mi="7" ci="0" mb="0" cb="0"/><line nr="1273" mi="4" ci="0" mb="0" cb="0"/><line nr="1274" mi="4" ci="0" mb="0" cb="0"/><line nr="1275" mi="5" ci="0" mb="0" cb="0"/><line nr="1276" mi="5" ci="0" mb="0" cb="0"/><line nr="1278" mi="9" ci="0" mb="2" cb="0"/><line nr="1279" mi="9" ci="0" mb="2" cb="0"/><line nr="1280" mi="4" ci="0" mb="0" cb="0"/><line nr="1281" mi="1" ci="0" mb="0" cb="0"/><line nr="1284" mi="3" ci="0" mb="0" cb="0"/><line nr="1286" mi="1" ci="0" mb="0" cb="0"/><line nr="1287" mi="7" ci="0" mb="0" cb="0"/><line nr="1288" mi="5" ci="0" mb="0" cb="0"/><line nr="1289" mi="2" ci="0" mb="0" cb="0"/><line nr="1291" mi="3" ci="0" mb="0" cb="0"/><line nr="1293" mi="1" ci="0" mb="0" cb="0"/><line nr="1298" mi="1" ci="0" mb="0" cb="0"/><line nr="1303" mi="5" ci="0" mb="0" cb="0"/><line nr="1304" mi="5" ci="0" mb="0" cb="0"/><line nr="1305" mi="5" ci="0" mb="0" cb="0"/><line nr="1306" mi="5" ci="0" mb="0" cb="0"/><line nr="1307" mi="6" ci="0" mb="0" cb="0"/><line nr="1308" mi="5" ci="0" mb="0" cb="0"/><line nr="1309" mi="10" ci="0" mb="2" cb="0"/><line nr="1310" mi="3" ci="0" mb="0" cb="0"/><line nr="1313" mi="1" ci="0" mb="0" cb="0"/><line nr="1314" mi="7" ci="0" mb="0" cb="0"/><line nr="1316" mi="1" ci="0" mb="0" cb="0"/><line nr="1317" mi="1" ci="0" mb="0" cb="0"/><line nr="1320" mi="4" ci="0" mb="0" cb="0"/><line nr="1321" mi="3" ci="0" mb="2" cb="0"/><line nr="1322" mi="12" ci="0" mb="0" cb="0"/><line nr="1325" mi="6" ci="0" mb="2" cb="0"/><line nr="1326" mi="2" ci="0" mb="0" cb="0"/><line nr="1327" mi="3" ci="0" mb="0" cb="0"/><line nr="1329" mi="1" ci="0" mb="0" cb="0"/><line nr="1330" mi="7" ci="0" mb="0" cb="0"/><line nr="1331" mi="1" ci="0" mb="0" cb="0"/><line nr="1332" mi="1" ci="0" mb="0" cb="0"/><line nr="1333" mi="3" ci="0" mb="0" cb="0"/><line nr="1335" mi="1" ci="0" mb="0" cb="0"/><line nr="1341" mi="4" ci="0" mb="0" cb="0"/><line nr="1342" mi="4" ci="0" mb="0" cb="0"/><line nr="1343" mi="5" ci="0" mb="0" cb="0"/><line nr="1344" mi="5" ci="0" mb="0" cb="0"/><line nr="1345" mi="6" ci="0" mb="0" cb="0"/><line nr="1347" mi="12" ci="0" mb="2" cb="0"/><line nr="1349" mi="2" ci="0" mb="0" cb="0"/><line nr="1350" mi="3
[...]
<counter type="INSTRUCTION" missed="68" covered="197"/><counter type="BRANCH" missed="2" covered="6"/><counter type="LINE" missed="24" covered="56"/><counter type="COMPLEXITY" missed="3" covered="9"/><counter type="METHOD" missed="2" covered="6"/><counter type="CLASS" missed="0" covered="1"/></class><class name="dao/GestionDesCommandesClientsDAO" sourcefilename="GestionDesCommandesClientsDAO.java"><method name="&lt;init&gt;" desc="()V" line="9"><counter type="INSTRUCTION" missed="3" covered="0"/><counter type="LINE" missed="1" covered="0"/><counter type="COMPLEXITY" missed="1" covered="0"/><counter type="METHOD" missed="1" covered="0"/></method><method name="ajouterCMDclient" desc="(IIIF)Z" line="12"><counter type="INSTRUCTION" missed="6" covered="82"/><counter type="BRANCH" missed="2" covered="2"/><counter type="LINE" missed="2" covered="26"/><counter type="COMPLEXITY" missed="2" covered="1"/><counter type="METHOD" missed="0" covered="1"/></method><method name="getAll" desc="()Ljava/util/ArrayList;" line="56"><counter type="INSTRUCTION" missed="5" covered="40"/><counter type="BRANCH" missed="0" covered="2"/><counter type="LINE" missed="3" covered="8"/><counter type="COMPLEXITY" missed="0" covered="2"/><counter type="METHOD" missed="0" covered="1"/></method><counter type="INSTRUCTION" missed="14" covered="122"/><counter type="BRANCH" missed="2" covered="4"/><counter type="LINE" missed="6" covered="34"/><counter type="COMPLEXITY" missed="3" covered="3"/><counter type="METHOD" missed="1" covered="2"/><counter type="CLASS" missed="0" covered="1"/></class><class name="dao/GérerLesClientsDAO" sourcefilename="GérerLesClientsDAO.java"><method name="&lt;init&gt;" desc="()V" line="6"><counter type="INSTRUCTION" missed="3" covered="0"/><counter type="LINE" missed="1" covered="0"/><counter type="COMPLEXITY" missed="1" covered="0"/><counter type="METHOD" missed="1" covered="0"/></method><method name="ajouterClient" desc="(Ljava/lang/String;Ljava/lang/String;Ljava/lang/String;Ljava/lang/String;)Z" line="9"><counter type="INSTRUCTION" missed="7" covered="25"/><counter type="LINE" missed="3" covered="7"/><counter type="COMPLEXITY" missed="0" covered="1"/><counter type="METHOD" missed="0" covered="1"/></method><method name="suprimer" desc="(I)Z" line="24"><counter type="INSTRUCTION" missed="7" covered="17"/><counter type="BRANCH" missed="0" covered="2"/><counter type="LINE" missed="3" covered="4"/><counter type="COMPLEXITY" missed="0" covered="2"/><counter type="METHOD" missed="0" covered="1"/></method><method name="getAll" desc="()Ljava/util/ArrayList;" line="38"><counter type="INSTRUCTION" missed="7" covered="38"/><counter type="BRANCH" missed="0" covered="2"/><counter type="LINE" missed="3" covered="6"/><counter type="COMPLEXITY" missed="0" covered="2"/><counter type="METHOD" missed="0" covered="1"/></method><method name="getClient" desc="()Ljava/util/ArrayList;" line="53"><counter type="INSTRUCTION" missed="3" covered="37"/><counter type="BRANCH" missed="0" covered="2"/><counter type="LINE" missed="2" covered="10"/><counter type="COMPLEXITY" missed="0" covered="2"/><counter type="METHOD" missed="0" covered="1"/></method><counter type="INSTRUCTION" missed="27" covered="117"/><counter type="BRANCH" missed="0" covered="6"/><counter type="LINE" missed="12" covered="27"/><counter type="COMPLEXITY" missed="1" covered="7"/><counter type="METHOD" missed="1" covered="4"/><counter type="CLASS" missed="0" covered="1"/></class><class name="dao/AdministrateurDAO" sourcefilename="AdministrateurDAO.java"><method name="&lt;init&gt;" desc="()V" line="9"><counter type="INSTRUCTION" missed="3" covered="0"/><counter type="LINE" missed="1" covered="0"/><counter type="COMPLEXITY" missed="1" covered="0"/><counter type="METHOD" missed="1" covered="0"/></method><method name="getConnexion" desc="(Ljava/lang/String;Ljava/lang/String;)Z" line="12"><counter type="INSTRUCTION" missed="3" covered="25"/><counter type="LINE" missed="2" covered="9"/><counter type="COMPLEXITY" missed="0" covered="1"/><counter type="METHOD" missed="0" covered="1"/></method><counter type="INSTRUCTION" missed="6" covered="25"/><counter type="LINE" missed="3" covered="9"/><counter type="COMPLEXITY" missed="1" covered="1"/><counter type="METHOD" missed="1" covered="1"/><counter type="CLASS" missed="0" covered="1"/></class><sourcefile name="GestiondesCommandesFournisseursDAO.java"><line nr="8" mi="3" ci="0" mb="0" cb="0"/><line nr="11" mi="0" ci="2" mb="0" cb="0"/><line nr="13" mi="0" ci="2" mb="0" cb="0"/><line nr="14" mi="0" ci="5" mb="0" cb="0"/><line nr="17" mi="0" ci="4" mb="0" cb="0"/><line nr="18" mi="0" ci="6" mb="0" cb="0"/><line nr="19" mi="0" ci="4" mb="0" cb="0"/><line nr="20" mi="0" ci="4" mb="0" cb="0"/><line nr="22" mi="0" ci="3" mb="0" cb="0"/><line nr="24" mi="0" ci="2" mb="1" cb="1"/><line nr="25" mi="3" ci="0" mb="0" cb="0"/><line nr="28" mi="0" ci="3" mb="0" cb="0"/><line nr="29" mi="0" ci="3" mb="1" cb="1"/><line nr="30" mi="0" ci="4" mb="0" cb="0"/><line nr="31" mi="0" ci="5" mb="0" cb="0"/><line nr="33" mi="0" ci="2" mb="0" cb="0"/><line nr="34" mi="0" ci="4" mb="0" cb="0"/><line nr="35" mi="0" ci="4" mb="0" cb="0"/><line nr="36" mi="0" ci="4" mb="0" cb="0"/><line nr="37" mi="0" ci="4" mb="0" cb="0"/><line nr="38" mi="0" ci="4" mb="0" cb="0"/><line nr="39" mi="0" ci="3" mb="0" cb="0"/><line nr="40" mi="0" ci="2" mb="0" cb="0"/><line nr="41" mi="0" ci="1" mb="0" cb="0"/><line nr="42" mi="3" ci="0" mb="0" cb="0"/><line nr="45" mi="0" ci="2" mb="0" cb="0"/><line nr="46" mi="0" ci="1" mb="0" cb="0"/><line nr="47" mi="0" ci="2" mb="0" cb="0"/><line nr="52" mi="0" ci="4" mb="0" cb="0"/><line nr="53" mi="0" ci="2" mb="0" cb="0"/><line nr="54" mi="0" ci="4" mb="0" cb="0"/><line nr="55" mi="0" ci="3" mb="0" cb="0"/><line nr="56" mi="0" ci="3" mb="0" cb="2"/><line nr="57" mi="0" ci="8" mb="0" cb="0"/><line nr="58" mi="0" ci="3" mb="0" cb="0"/><line nr="59" mi="0" ci="3" mb="0" cb="0"/><line nr="60" mi="0" ci="3" mb="0" cb="0"/><line nr="61" mi="0" ci="3" mb="0" cb="0"/><line nr="62" mi="0" ci="2" mb="0" cb="0"/><line nr="65" mi="0" ci="2" mb="0" cb="0"/><line nr="66" mi="1" ci="0" mb="0" cb="0"/><line nr="67" mi="2" ci="0" mb="0" cb="0"/><counter type="INSTRUCTION" missed="12" covered="120"/><counter type="BRANCH" missed="2" covered="4"/><counter type="LINE" missed="5" covered="37"/><counter type="COMPLEXITY" missed="3" covered="3"/><counter type="METHOD" missed="1" covered="2"/><counter type="CLASS" missed="0" covered="1"/></sourcefile><sourcefile name="GestionDesProduitsDAO.java"><line nr="8" mi="3" ci="0" mb="0" cb="0"/><line nr="14" mi="0" ci="4" mb="0" cb="0"/><line nr="15" mi="0" ci="3" mb="0" cb="0"/><line nr="16" mi="0" ci="4" mb="0" cb="0"/><line nr="17" mi="0" ci="3" mb="0" cb="2"/><line nr="19" mi="0" ci="8" mb="0" cb="0"/><line nr="20" mi="0" ci="3" mb="0" cb="0"/><line nr="21" mi="0" ci="3" mb="0" cb="0"/><line nr="22" mi="0" ci="3" mb="0" cb="0"/><line nr="23" mi="0" ci="3" mb="0" cb="0"/><line nr="24" mi="0" ci="3" mb="0" cb="0"/><line nr="25" mi="0" ci="3" mb="0" cb="0"/><line nr="26" mi="0" ci="2" mb="0" cb="0"/><line nr="30" mi="0" ci="2" mb="0" cb="0"/><line nr="31" mi="1" ci="0" mb="0" cb="0"/><line nr="32" mi="2" ci="0" mb="0" cb="0"/><line nr="39" mi="0" ci="4" mb="0" cb="0"/><line nr="40" mi="0" ci="5" mb="0" cb="0"/><line nr="41" mi="0" ci="3" mb="0" cb="0"/><line nr="42" mi="0" ci="4" mb="0" cb="0"/><line nr="43" mi="0" ci="3" mb="0" cb="2"/><line nr="45" mi="0" ci="8" mb="0" cb="0"/><line nr="46" mi="0" ci="3" mb="0" cb="0"/><line nr="47" mi="0" ci="3" mb="0" cb="0"/><line nr="48" mi="0" ci="3" mb="0" cb="0"/><line nr="49" mi="0" ci="3" mb="0" cb="0"/><line nr="50" mi="0" ci="3" mb="0" cb="0"/><line nr="51" mi="0" ci="3" mb="0" cb="0"/><line nr="52" mi="0" ci="2" mb="0" cb="0"/><line nr="56" mi="0" ci="2" mb="0" cb="0"/><line nr="57" mi="1" ci="0" mb="0" cb="0"/><line nr="58" mi="2" ci="0" mb="0" cb="0"/><line nr="63" mi="0" ci="4" mb="0" cb="0"/><line nr="64" mi="0" ci="3" mb="0" cb="0"/><line nr="65" mi="0" ci="4" mb="0" cb="0"/><line nr="66" mi="0" ci="3" mb="0" cb="2"/><line nr="68" mi="0" ci="8" mb="0" cb="0"/><line nr="69" mi="0" ci="3" mb="0" cb="0"/><line nr="70" mi="0" ci="2" mb="0" cb="0"/><line nr="73" mi="0" ci="2" mb="0" cb="0"/><line nr="74" mi="1" ci="0" mb="0" cb="0"/><line nr="75" mi="2" ci="0" mb="0" cb="0"/><line nr="80" mi="4" ci="0" mb="0" cb="0"/><line nr="81" mi="3" ci="0" mb="0" cb="0"/><line nr="82" mi="4" ci="0" mb="0" cb="0"/><line nr="83" mi="3" ci="0" mb="2" cb="0"/><line nr="85" mi="8" ci="0" mb="0" cb="0"/><line nr="86" mi="3" ci="0" mb="0" cb="0"/><line nr="87" mi="3" ci="0" mb="0" cb="0"/><line nr="88" mi="2" ci="0" mb="0" cb="0"/><line nr="91" mi="2" ci="0" mb="0" cb="0"/><line nr="92" mi="1" ci="0" mb="0" cb="0"/><line nr="93" mi="2" ci="0" mb="0" cb="0"/><line nr="100" mi="0" ci="4" mb="0" cb="0"/><line nr="101" mi="0" ci="4" mb="0" cb="0"/><line nr="102" mi="0" ci="4" mb="0" cb="0"/><line nr="103" mi="0" ci="4" mb="0" cb="0"/><line nr="104" mi="0" ci="4" mb="0" cb="0"/><line nr="105" mi="0" ci="4" mb="0" cb="0"/><line nr="106" mi="0" ci="3" mb="0" cb="0"/><line nr="107" mi="1" ci="2" mb="0" cb="0"/><line nr="108" mi="4" ci="0" mb="0" cb="0"/><line nr="109" mi="2" ci="0" mb="0" cb="0"/><line nr="114" mi="0" ci="4" mb="0" cb="0"/><line nr="115" mi="0" ci="4" mb="0" cb="0"/><line nr="116" mi="0" ci="4" mb="0" cb="0"/><line nr="117" mi="0" ci="4" mb="0" cb="0"/><line nr="118" mi="0" ci="4" mb="0" cb="0"/><line nr="119" mi="0" ci="4" mb="0" cb="0"/><line nr="120" mi="0" ci="4" mb="0" cb="0"/><line nr="121" mi="0" ci="3" mb="0" cb="0"/><line nr="122" mi="0" ci="2" mb="0" cb="0"/><line nr="123" mi="1" ci="0" mb="0" cb="0"/><line nr="124" mi="6" ci="0" mb="0" cb="0"/><line nr="130" mi="0" ci="4" mb="0" cb="0"/><line nr="131" mi="0" ci="4" mb="0" cb="0"/><line nr="132" mi="0" ci="3" mb="0" cb="0"/><line nr="133" mi="0" ci="2" mb="0" cb="0"/><line nr="134" mi="1" ci="0" mb="0" cb="0"/><line nr="135" mi="6" ci="0" mb="0" cb="0"/><counter type="INSTRUCTION" missed="68" covered="197"/><counter type="BRANCH" missed="2" covered="6"/><counter type="LINE" missed="24" covered="56"/><counter type="COMPLEXITY" missed="3" covered="9"/><counter type="METHOD" missed="2" covered="6"/><counter type="CLASS" missed="0" covered="1"/></sourcefile><sourcefile name="GestionDesCommandesClientsDAO.java"><line nr="9" mi="3" ci="0" mb="0" cb="0"/><line nr="12" mi="0" ci="2" mb="0" cb="0"/><line nr="14" mi="0" ci="2" mb="0" cb="0"/><line nr="15" mi="0" ci="2" mb="0" cb="0"/><line nr="16" mi="0" ci="5" mb="0" cb="0"/><line nr="18" mi="0" ci="8" mb="0" cb="0"/><line nr="19" mi="0" ci="4" mb="0" cb="0"/><line nr="20" mi="0" ci="4" mb="0" cb="0"/><line nr="22" mi="0" ci="3" mb="0" cb="0"/><line nr="24" mi="0" ci="2" mb="1" cb="1"/><line nr="25" mi="3" ci="0" mb="0" cb="0"/><line nr="28" mi="0" ci="3" mb="0" cb="0"/><line nr="29" mi="0" ci="3" mb="1" cb="1"/><line nr="30" mi="0" ci="4" mb="0" cb="0"/><line nr="31" mi="0" ci="5" mb="0" cb="0"/><line nr="33" mi="0" ci="2" mb="0" cb="0"/><line nr="34" mi="0" ci="4" mb="0" cb="0"/><line nr="35" mi="0" ci="4" mb="0" cb="0"/><line nr="36" mi="0" ci="4" mb="0" cb="0"/><line nr="37" mi="0" ci="4" mb="0" cb="0"/><line nr="38" mi="0" ci="4" mb="0" cb="0"/><line nr="40" mi="0" ci="3" mb="0" cb="0"/><line nr="41" mi="0" ci="2" mb="0" cb="0"/><line nr="42" mi="0" ci="1" mb="0" cb="0"/><line nr="43" mi="3" ci="0" mb="0" cb="0"/><line nr="47" mi="0" ci="2" mb="0" cb="0"/><line nr="48" mi="0" ci="1" mb="0" cb="0"/><line nr="49" mi="0" ci="2" mb="0" cb="0"/><line nr="50" mi="0" ci="2" mb="0" cb="0"/><line nr="56" mi="0" ci="2" mb="0" cb="0"/><line nr="57" mi="0" ci="4" mb="0" cb="0"/><line nr="58" mi="0" ci="3" mb="0" cb="0"/><line nr="59" mi="0" ci="4" mb="0" cb="0"/><line nr="60" mi="0" ci="3" mb="0" cb="2"/><line nr="61" mi="0" ci="8" mb="0" cb="0"/><line nr="62" mi="0" ci="14" mb="0" cb="0"/><line nr="64" mi="0" ci="2" mb="0" cb="0"/><line nr="65" mi="1" ci="0" mb="0" cb="0"/><line nr="66" mi="2" ci="0" mb="0" cb="0"/><line nr="68" mi="2" ci="0" mb="0" cb="0"/><counter type="INSTRUCTION" missed="14" covered="122"/><counter type="BRANCH" missed="2" covered="4"/><counter type="LINE" missed="6" covered="34"/><counter type="COMPLEXITY" missed="3" covered="3"/><counter type="METHOD" missed="1" covered="2"/><counter type="CLASS" missed="0" covered="1"/></sourcefile><sourcefile name="AdministrateurDAO.java"><line nr="9" mi="3" ci="0" mb="0" cb="0"/><line nr="12" mi="0" ci="2" mb="0" cb="0"/><line nr="15" mi="0" ci="2" mb="0" cb="0"/><line nr="16" mi="0" ci="4" mb="0" cb="0"/><line nr="17" mi="0" ci="4" mb="0" cb="0"/><line nr="18" mi="0" ci="4" mb="0" cb="0"/><line nr="19" mi="0" ci="3" mb="0" cb="0"/><line nr="20" mi="0" ci="3" mb="0" cb="0"/><line nr="21" mi="1" ci="0" mb="0" cb="0"/><line nr="22" mi="2" ci="0" mb="0" cb="0"/><line nr="23" mi="0" ci="1" mb="0" cb="0"/><line nr="24" mi="0" ci="2" mb="0" cb="0"/><counter type="INSTRUCTION" missed="6" covered="25"/><counter type="LINE" missed="3" covered="9"/><counter type="COMPLEXITY" missed="1" covered="1"/><counter type="METHOD" missed="1" covered="1"/><counter type="CLASS" missed="0" covered="1"/></sourcefile><sourcefile name="GérerLesFoumisseursDAO.java"><line nr="7" mi="3" ci="0" mb="0" cb="0"/><line nr="11" mi="0" ci="4" mb="0" cb="0"/><line nr="12" mi="0" ci="4" mb="0" cb="0"/><line nr="13" mi="0" ci="4" mb="0" cb="0"/><line nr="14" mi="0" ci="4" mb="0" cb="0"/><line nr="15" mi="0" ci="3" mb="0" cb="0"/><line nr="16" mi="0" ci="2" mb="0" cb="0"/><line nr="17" mi="1" ci="0" mb="0" cb="0"/><line nr="18" mi="2" ci="0" mb="0" cb="0"/><line nr="24" mi="0" ci="4" mb="0" cb="0"/><line nr="25" mi="0" ci="4" mb="0" cb="0"/><line nr="26" mi="0" ci="3" mb="0" cb="0"/><line nr="27" mi="0" ci="6" mb="0" cb="2"/><line nr="28" mi="1" ci="0" mb="0" cb="0"/><line nr="29" mi="2" ci="0" mb="0" cb="0"/><line nr="36" mi="0" ci="4" mb="0" cb="0"/><line nr="37" mi="0" ci="4" mb="0" cb="0"/><line nr="38" mi="0" ci="3" mb="0" cb="0"/><line nr="39" mi="0" ci="3" mb="0" cb="2"/><line nr="40" mi="0" ci="19" mb="0" cb="0"/><line nr="42" mi="0" ci="2" mb="0" cb="0"/><line nr="43" mi="1" ci="0" mb="0" cb="0"/><line nr="44" mi="2" ci="0" mb="0" cb="0"/><line nr="49" mi="0" ci="4" mb="0" cb="0"/><line nr="50" mi="0" ci="4" mb="0" cb="0"/><line nr="51" mi="0" ci="3" mb="0" cb="0"/><line nr="52" mi="0" ci="3" mb="0" cb="2"/><line nr="53" mi="0" ci="13" mb="0" cb="0"/><line nr="55" mi="0" ci="2" mb="0" cb="0"/><line nr="56" mi="1" ci="0" mb="0" cb="0"/><line nr="57" mi="2" ci="0" mb="0" cb="0"/><counter type="INSTRUCTION" missed="15" covered="102"/><counter type="BRANCH" missed="0" covered="6"/><counter type="LINE" missed="9" covered="22"/><counter type="COMPLEXITY" missed="1" covered="7"/><counter type="METHOD" missed="1" covered="4"/><counter type="CLASS" missed="0" covered="1"/></sourcefile><sourcefile name="DAO.java"><line nr="5" mi="0" ci="2" mb="0" cb="0"/><line nr="6" mi="0" ci="3" mb="0" cb="0"/><line nr="8" mi="0" ci="2" mb="0" cb="0"/><line nr="10" mi="0" ci="3" mb="0" cb="0"/><line nr="11" mi="0" ci="1" mb="0" cb="0"/><line nr="19" mi="4" ci="5" mb="3" cb="3"/><line nr="20" mi="2" ci="0" mb="0" cb="0"/><line nr="24" mi="0" ci="3" mb="0" cb="0"/><line nr="27" mi="0" ci="5" mb="0" cb="0"/><line nr="33" mi="0" ci="2" mb="1" cb="1"/><line nr="34" mi="0" ci="3" mb="0" cb="0"/><line nr="35" mi="0" ci="2" mb="0" cb="0"/><line nr="37" mi="2" ci="0" mb="0" cb="0"/><line nr="39" mi="1" ci="0" mb="0" cb="0"/><line nr="40" mi="3" ci="0" mb="0" cb="0"/><line nr="41" mi="2" ci="0" mb="0" cb="0"/><line nr="42" mi="2" ci="0" mb="0" cb="0"/><line nr="43" mi="1" ci="0" mb="0" cb="0"/><line nr="44" mi="3" ci="0" mb="0" cb="0"/><line nr="45" mi="2" ci="0" mb="0" cb="0"/><line nr="46" mi="2" ci="0" mb="0" cb="0"/><line nr="57" mi="0" ci="2" mb="0" cb="2"/><line nr="58" mi="0" ci="4" mb="0" cb="0"/><line nr="62" mi="0" ci="9" mb="2" cb="4"/><line nr="64" mi="0" ci="3" mb="0" cb="0"/><line nr="67" mi="0" ci="5" mb="2" cb="2"/><line nr="68" mi="3" ci="0" mb="0" cb="0"/><line nr="69" mi="2" ci="0" mb="0" cb="0"/><line nr="73" mi="0" ci="2" mb="0" cb="0"/><line nr="74" mi="1" ci="0" mb="0" cb="0"/><line nr="75" mi="3" ci="0" mb="0" cb="0"/><line nr="76" mi="2" ci="0" mb="0" cb="0"/><line nr="79" mi="3" ci="0" mb="2" cb="0"/><line nr="80" mi="2" ci="0" mb="0" cb="0"/><line nr="82" mi="2" ci="0" mb="0" cb="0"/><line nr="91" mi="5" ci="0" mb="4" cb="0"/><line nr="92" mi="2" ci="0" mb="0" cb="0"/><line nr="93" mi="3" ci="0" mb="0" cb="0"/><line nr="95" mi="1" ci="0" mb="0" cb="0"/><line nr="96" mi="3" ci="0" mb="0" cb="0"/><line nr="97" mi="2" ci="0" mb="0" cb="0"/><line nr="98" mi="1" ci="0" mb="0" cb="0"/><line nr="99" mi="1" ci="0" mb="0" cb="0"/><line nr="107" mi="2" ci="0" mb="0" cb="0"/><line nr="108" mi="13" ci="0" mb="6" cb="0"/><line nr="109" mi="1" ci="0" mb="0" cb="0"/><line nr="110" mi="3" ci="0" mb="0" cb="0"/><line nr="111" mi="2" ci="0" mb="0" cb="0"/><line nr="112" mi="2" ci="0" mb="0" cb="0"/><counter type="INSTRUCTION" missed="83" covered="56"/><counter type="BRANCH" missed="20" covered="12"/><counter type="LINE" missed="32" covered="17"/><counter type="COMPLEXITY" missed="15" covered="7"/><counter type="METHOD" missed="2" covered="4"/><counter type="CLASS" missed="0" covered="1"/></sourcefile><sourcefile name="GérerLesClientsDAO.java"><line nr="6" mi="3" ci="0" mb="0" cb="0"/><line nr="9" mi="0" ci="4" mb="0" cb="0"/><line nr="10" mi="0" ci="4" mb="0" cb="0"/><line nr="11" mi="0" ci="4" mb="0" cb="0"/><line nr="12" mi="0" ci="4" mb="0" cb="0"/><line nr="13" mi="0" ci="4" mb="0" cb="0"/><line nr="14" mi="0" ci="3" mb="0" cb="0"/><line nr="15" mi="0" ci="2" mb="0" cb="0"/><line nr="17" mi="1" ci="0" mb="0" cb="0"/><line nr="18" mi="4" ci="0" mb="0" cb="0"/><line nr="19" mi="2" ci="0" mb="0" cb="0"/><line nr="24" mi="0" ci="4" mb="0" cb="0"/><line nr="27" mi="0" ci="4" mb="0" cb="0"/><line nr="28" mi="0" ci="3" mb="0" cb="0"/><line nr="29" mi="0" ci="6" mb="0" cb="2"/><line nr="30" mi="1" ci="0" mb="0" cb="0"/><line nr="31" mi="4" ci="0" mb="0" cb="0"/><line nr="32" mi="2" ci="0" mb="0" cb="0"/><line nr="38" mi="0" ci="4" mb="0" cb="0"/><line nr="39" mi="0" ci="4" mb="0" cb="0"/><line nr="40" mi="0" ci="3" mb="0" cb="0"/><line nr="41" mi="0" ci="3" mb="0" cb="2"/><line nr="42" mi="0" ci="22" mb="0" cb="0"/><line nr="44" mi="0" ci="2" mb="0" cb="0"/><line nr="45" mi="1" ci="0" mb="0" cb="0"/><line nr="47" mi="4" ci="0" mb="0" cb="0"/><line nr="48" mi="2" ci="0" mb="0" cb="0"/><line nr="53" mi="0" ci="4" mb="0" cb="0"/><line nr="55" mi="0" ci="4" mb="0" cb="0"/><line nr="56" mi="0" ci="3" mb="0" cb="0"/><line nr="58" mi="0" ci="3" mb="0" cb="2"/><line nr="59" mi="0" ci="10" mb="0" cb="0"/><line nr="60" mi="0" ci="5" mb="0" cb="0"/><line nr="61" mi="0" ci="4" mb="0" cb="0"/><line nr="62" mi="0" ci="1" mb="0" cb="0"/><line nr="63" mi="1" ci="0" mb="0" cb="0"/><line nr="64" mi="2" ci="0" mb="0" cb="0"/><line nr="65" mi="0" ci="1" mb="0" cb="0"/><line nr="66" mi="0" ci="2" mb="0" cb="0"/><counter type="INSTRUCTION" missed="27" covered="117"/><counter type="BRANCH" missed="0" covered="6"/><counter type="LINE" missed="12" covered="27"/><counter type="COMPLEXITY" missed="1" covered="7"/><counter type="METHOD" missed="1" covered="4"/><counter type="CLASS" missed="0" covered="1"/></sourcefile><counter type="INSTRUCTION" missed="225" covered="739"/><counter type="BRANCH" missed="26" covered="38"/><counter type="LINE" missed="91" covered="202"/><counter type="COMPLEXITY" missed="27" covered="37"/><counter type="METHOD" missed="9" covered="23"/><counter type="CLASS" missed="0" covered="7"/></package><counter type="INSTRUCTION" missed="7100" covered="1053"/><counter type="BRANCH" missed="120" covered="38"/><counter type="LINE" missed="1502" covered="333"/><counter type="COMPLEXITY" missed="164" covered="98"/><counter type="METHOD" missed="99" covered="84"/><counter type="CLASS" missed="25" covered="12"/></report>